{"C:\\Users\\franc\\Desktop\\Scuola\\Poli\\Magistrale\\Software engineering\\Project-repo2\\geocontrol\\src\\app.ts": {"path":"C:\\Users\\franc\\Desktop\\Scuola\\Poli\\Magistrale\\Software engineering\\Project-repo2\\geocontrol\\src\\app.ts","statementMap":{"0":{"start":{"line":1,"column":0},"end":{"line":1,"column":30}},"1":{"start":{"line":2,"column":0},"end":{"line":2,"column":43}},"2":{"start":{"line":3,"column":0},"end":{"line":3,"column":26}},"3":{"start":{"line":4,"column":0},"end":{"line":4,"column":33}},"4":{"start":{"line":5,"column":0},"end":{"line":5,"column":60}},"5":{"start":{"line":6,"column":0},"end":{"line":6,"column":64}},"6":{"start":{"line":7,"column":0},"end":{"line":7,"column":44}},"7":{"start":{"line":8,"column":0},"end":{"line":8,"column":50}},"8":{"start":{"line":9,"column":0},"end":{"line":9,"column":48}},"9":{"start":{"line":10,"column":0},"end":{"line":10,"column":58}},"10":{"start":{"line":11,"column":0},"end":{"line":11,"column":50}},"11":{"start":{"line":12,"column":0},"end":{"line":12,"column":24}},"12":{"start":{"line":14,"column":13},"end":{"line":14,"column":29}},"13":{"start":{"line":16,"column":0},"end":{"line":16,"column":24}},"14":{"start":{"line":17,"column":0},"end":{"line":17,"column":16}},"15":{"start":{"line":19,"column":0},"end":{"line":23,"column":2}},"16":{"start":{"line":25,"column":0},"end":{"line":25,"column":53}},"17":{"start":{"line":26,"column":0},"end":{"line":26,"column":44}},"18":{"start":{"line":27,"column":0},"end":{"line":27,"column":50}},"19":{"start":{"line":28,"column":0},"end":{"line":28,"column":50}},"20":{"start":{"line":29,"column":0},"end":{"line":29,"column":48}},"21":{"start":{"line":30,"column":0},"end":{"line":30,"column":27}},"22":{"start":{"line":33,"column":0},"end":{"line":33,"column":22}}},"fnMap":{},"branchMap":{},"s":{"0":1,"1":1,"2":1,"3":1,"4":1,"5":1,"6":1,"7":1,"8":1,"9":1,"10":1,"11":1,"12":1,"13":1,"14":1,"15":1,"16":1,"17":1,"18":1,"19":1,"20":1,"21":1,"22":1},"f":{},"b":{}}
,"C:\\Users\\franc\\Desktop\\Scuola\\Poli\\Magistrale\\Software engineering\\Project-repo2\\geocontrol\\src\\utils.ts": {"path":"C:\\Users\\franc\\Desktop\\Scuola\\Poli\\Magistrale\\Software engineering\\Project-repo2\\geocontrol\\src\\utils.ts","statementMap":{"0":{"start":{"line":5,"column":0},"end":{"line":5,"column":16}},"1":{"start":{"line":17,"column":0},"end":{"line":17,"column":16}},"2":{"start":{"line":27,"column":0},"end":{"line":27,"column":16}},"3":{"start":{"line":34,"column":0},"end":{"line":34,"column":16}},"4":{"start":{"line":1,"column":0},"end":{"line":1,"column":61}},"5":{"start":{"line":2,"column":0},"end":{"line":2,"column":61}},"6":{"start":{"line":3,"column":0},"end":{"line":3,"column":45}},"7":{"start":{"line":10,"column":15},"end":{"line":10,"column":36}},"8":{"start":{"line":11,"column":2},"end":{"line":13,"column":3}},"9":{"start":{"line":12,"column":4},"end":{"line":12,"column":42}},"10":{"start":{"line":14,"column":2},"end":{"line":14,"column":14}},"11":{"start":{"line":22,"column":2},"end":{"line":24,"column":3}},"12":{"start":{"line":23,"column":4},"end":{"line":23,"column":42}},"13":{"start":{"line":28,"column":2},"end":{"line":28,"column":50}},"14":{"start":{"line":28,"column":33},"end":{"line":28,"column":50}},"15":{"start":{"line":30,"column":15},"end":{"line":30,"column":50}},"16":{"start":{"line":31,"column":2},"end":{"line":31,"column":62}},"17":{"start":{"line":35,"column":2},"end":{"line":42,"column":3}},"18":{"start":{"line":36,"column":4},"end":{"line":41,"column":31}},"19":{"start":{"line":37,"column":19},"end":{"line":37,"column":56}},"20":{"start":{"line":40,"column":18},"end":{"line":40,"column":26}},"21":{"start":{"line":41,"column":21},"end":{"line":41,"column":29}},"22":{"start":{"line":44,"column":2},"end":{"line":49,"column":3}},"23":{"start":{"line":45,"column":4},"end":{"line":48,"column":31}},"24":{"start":{"line":47,"column":18},"end":{"line":47,"column":26}},"25":{"start":{"line":48,"column":21},"end":{"line":48,"column":29}},"26":{"start":{"line":51,"column":2},"end":{"line":51,"column":19}}},"fnMap":{"0":{"name":"findOrThrowNotFound","decl":{"start":{"line":5,"column":16},"end":{"line":5,"column":35}},"loc":{"start":{"line":8,"column":22},"end":{"line":15,"column":1}}},"1":{"name":"throwConflictIfFound","decl":{"start":{"line":17,"column":16},"end":{"line":17,"column":36}},"loc":{"start":{"line":20,"column":22},"end":{"line":25,"column":1}}},"2":{"name":"parseISODateParamToUTC","decl":{"start":{"line":27,"column":16},"end":{"line":27,"column":38}},"loc":{"start":{"line":27,"column":53},"end":{"line":32,"column":1}}},"3":{"name":"parseStringArrayParam","decl":{"start":{"line":34,"column":16},"end":{"line":34,"column":37}},"loc":{"start":{"line":34,"column":53},"end":{"line":52,"column":1}}},"4":{"name":"(anonymous_4)","decl":{"start":{"line":37,"column":11},"end":{"line":37,"column":12}},"loc":{"start":{"line":37,"column":19},"end":{"line":37,"column":56}}},"5":{"name":"(anonymous_5)","decl":{"start":{"line":40,"column":11},"end":{"line":40,"column":12}},"loc":{"start":{"line":40,"column":18},"end":{"line":40,"column":26}}},"6":{"name":"(anonymous_6)","decl":{"start":{"line":41,"column":14},"end":{"line":41,"column":15}},"loc":{"start":{"line":41,"column":21},"end":{"line":41,"column":29}}},"7":{"name":"(anonymous_7)","decl":{"start":{"line":47,"column":11},"end":{"line":47,"column":12}},"loc":{"start":{"line":47,"column":18},"end":{"line":47,"column":26}}},"8":{"name":"(anonymous_8)","decl":{"start":{"line":48,"column":14},"end":{"line":48,"column":15}},"loc":{"start":{"line":48,"column":21},"end":{"line":48,"column":29}}}},"branchMap":{"0":{"loc":{"start":{"line":11,"column":2},"end":{"line":13,"column":3}},"type":"if","locations":[{"start":{"line":11,"column":2},"end":{"line":13,"column":3}}]},"1":{"loc":{"start":{"line":22,"column":2},"end":{"line":24,"column":3}},"type":"if","locations":[{"start":{"line":22,"column":2},"end":{"line":24,"column":3}}]},"2":{"loc":{"start":{"line":28,"column":2},"end":{"line":28,"column":50}},"type":"if","locations":[{"start":{"line":28,"column":2},"end":{"line":28,"column":50}}]},"3":{"loc":{"start":{"line":31,"column":9},"end":{"line":31,"column":61}},"type":"cond-expr","locations":[{"start":{"line":31,"column":25},"end":{"line":31,"column":49}},{"start":{"line":31,"column":52},"end":{"line":31,"column":61}}]},"4":{"loc":{"start":{"line":35,"column":2},"end":{"line":42,"column":3}},"type":"if","locations":[{"start":{"line":35,"column":2},"end":{"line":42,"column":3}}]},"5":{"loc":{"start":{"line":37,"column":19},"end":{"line":37,"column":56}},"type":"cond-expr","locations":[{"start":{"line":37,"column":43},"end":{"line":37,"column":51}},{"start":{"line":37,"column":54},"end":{"line":37,"column":56}}]},"6":{"loc":{"start":{"line":44,"column":2},"end":{"line":49,"column":3}},"type":"if","locations":[{"start":{"line":44,"column":2},"end":{"line":49,"column":3}}]}},"s":{"0":1,"1":1,"2":1,"3":1,"4":1,"5":1,"6":1,"7":11,"8":11,"9":0,"10":11,"11":6,"12":0,"13":0,"14":0,"15":0,"16":0,"17":0,"18":0,"19":0,"20":0,"21":0,"22":0,"23":0,"24":0,"25":0,"26":0},"f":{"0":11,"1":6,"2":0,"3":0,"4":0,"5":0,"6":0,"7":0,"8":0},"b":{"0":[0],"1":[0],"2":[0],"3":[0,0],"4":[0],"5":[0,0],"6":[0]}}
,"C:\\Users\\franc\\Desktop\\Scuola\\Poli\\Magistrale\\Software engineering\\Project-repo2\\geocontrol\\src\\controllers\\authController.ts": {"path":"C:\\Users\\franc\\Desktop\\Scuola\\Poli\\Magistrale\\Software engineering\\Project-repo2\\geocontrol\\src\\controllers\\authController.ts","statementMap":{"0":{"start":{"line":8,"column":0},"end":{"line":8,"column":7}},"1":{"start":{"line":2,"column":0},"end":{"line":2,"column":62}},"2":{"start":{"line":4,"column":0},"end":{"line":4,"column":62}},"3":{"start":{"line":5,"column":0},"end":{"line":5,"column":54}},"4":{"start":{"line":6,"column":0},"end":{"line":6,"column":72}},"5":{"start":{"line":9,"column":19},"end":{"line":9,"column":39}},"6":{"start":{"line":10,"column":18},"end":{"line":10,"column":68}},"7":{"start":{"line":11,"column":2},"end":{"line":13,"column":3}},"8":{"start":{"line":12,"column":4},"end":{"line":12,"column":52}},"9":{"start":{"line":14,"column":2},"end":{"line":18,"column":4}}},"fnMap":{"0":{"name":"getToken","decl":{"start":{"line":8,"column":22},"end":{"line":8,"column":30}},"loc":{"start":{"line":8,"column":47},"end":{"line":19,"column":1}}}},"branchMap":{"0":{"loc":{"start":{"line":11,"column":2},"end":{"line":13,"column":3}},"type":"if","locations":[{"start":{"line":11,"column":2},"end":{"line":13,"column":3}}]}},"s":{"0":1,"1":1,"2":1,"3":1,"4":1,"5":0,"6":0,"7":0,"8":0,"9":0},"f":{"0":0},"b":{"0":[0]}}
,"C:\\Users\\franc\\Desktop\\Scuola\\Poli\\Magistrale\\Software engineering\\Project-repo2\\geocontrol\\src\\controllers\\gatewayController.ts": {"path":"C:\\Users\\franc\\Desktop\\Scuola\\Poli\\Magistrale\\Software engineering\\Project-repo2\\geocontrol\\src\\controllers\\gatewayController.ts","statementMap":{"0":{"start":{"line":8,"column":0},"end":{"line":8,"column":7}},"1":{"start":{"line":20,"column":0},"end":{"line":20,"column":7}},"2":{"start":{"line":36,"column":0},"end":{"line":36,"column":7}},"3":{"start":{"line":46,"column":0},"end":{"line":46,"column":7}},"4":{"start":{"line":58,"column":0},"end":{"line":58,"column":7}},"5":{"start":{"line":2,"column":0},"end":{"line":2,"column":68}},"6":{"start":{"line":3,"column":0},"end":{"line":3,"column":68}},"7":{"start":{"line":4,"column":0},"end":{"line":4,"column":80}},"8":{"start":{"line":5,"column":0},"end":{"line":5,"column":66}},"9":{"start":{"line":6,"column":0},"end":{"line":6,"column":47}},"10":{"start":{"line":10,"column":4},"end":{"line":13,"column":5}},"11":{"start":{"line":12,"column":8},"end":{"line":12,"column":47}},"12":{"start":{"line":14,"column":22},"end":{"line":14,"column":45}},"13":{"start":{"line":15,"column":21},"end":{"line":15,"column":44}},"14":{"start":{"line":16,"column":4},"end":{"line":16,"column":48}},"15":{"start":{"line":17,"column":4},"end":{"line":17,"column":111}},"16":{"start":{"line":21,"column":24},"end":{"line":21,"column":47}},"17":{"start":{"line":22,"column":21},"end":{"line":22,"column":66}},"18":{"start":{"line":23,"column":23},"end":{"line":23,"column":45}},"19":{"start":{"line":24,"column":21},"end":{"line":24,"column":44}},"20":{"start":{"line":25,"column":4},"end":{"line":25,"column":48}},"21":{"start":{"line":26,"column":4},"end":{"line":33,"column":6}},"22":{"start":{"line":28,"column":12},"end":{"line":30,"column":null}},"23":{"start":{"line":37,"column":24},"end":{"line":37,"column":47}},"24":{"start":{"line":38,"column":23},"end":{"line":38,"column":45}},"25":{"start":{"line":39,"column":21},"end":{"line":39,"column":44}},"26":{"start":{"line":40,"column":4},"end":{"line":40,"column":48}},"27":{"start":{"line":41,"column":4},"end":{"line":41,"column":151}},"28":{"start":{"line":48,"column":4},"end":{"line":51,"column":5}},"29":{"start":{"line":50,"column":8},"end":{"line":50,"column":47}},"30":{"start":{"line":52,"column":22},"end":{"line":52,"column":45}},"31":{"start":{"line":53,"column":21},"end":{"line":53,"column":44}},"32":{"start":{"line":54,"column":4},"end":{"line":54,"column":48}},"33":{"start":{"line":55,"column":4},"end":{"line":55,"column":109}},"34":{"start":{"line":59,"column":22},"end":{"line":59,"column":45}},"35":{"start":{"line":60,"column":21},"end":{"line":60,"column":44}},"36":{"start":{"line":61,"column":4},"end":{"line":61,"column":48}},"37":{"start":{"line":62,"column":4},"end":{"line":62,"column":46}}},"fnMap":{"0":{"name":"createGateway","decl":{"start":{"line":8,"column":22},"end":{"line":8,"column":35}},"loc":{"start":{"line":8,"column":80},"end":{"line":18,"column":1}}},"1":{"name":"getAllGateways","decl":{"start":{"line":20,"column":22},"end":{"line":20,"column":36}},"loc":{"start":{"line":20,"column":56},"end":{"line":34,"column":1}}},"2":{"name":"(anonymous_3)","decl":{"start":{"line":27,"column":21},"end":{"line":27,"column":26}},"loc":{"start":{"line":28,"column":12},"end":{"line":30,"column":null}}},"3":{"name":"getGatewayByMacAddress","decl":{"start":{"line":36,"column":22},"end":{"line":36,"column":44}},"loc":{"start":{"line":36,"column":83},"end":{"line":42,"column":1}}},"4":{"name":"updateGateway","decl":{"start":{"line":46,"column":22},"end":{"line":46,"column":35}},"loc":{"start":{"line":46,"column":98},"end":{"line":56,"column":1}}},"5":{"name":"deleteGateway","decl":{"start":{"line":58,"column":22},"end":{"line":58,"column":35}},"loc":{"start":{"line":58,"column":75},"end":{"line":63,"column":1}}}},"branchMap":{"0":{"loc":{"start":{"line":10,"column":4},"end":{"line":13,"column":5}},"type":"if","locations":[{"start":{"line":10,"column":4},"end":{"line":13,"column":5}}]},"1":{"loc":{"start":{"line":48,"column":4},"end":{"line":51,"column":5}},"type":"if","locations":[{"start":{"line":48,"column":4},"end":{"line":51,"column":5}}]}},"s":{"0":1,"1":1,"2":1,"3":1,"4":1,"5":1,"6":1,"7":1,"8":1,"9":1,"10":2,"11":0,"12":2,"13":2,"14":2,"15":2,"16":1,"17":1,"18":1,"19":1,"20":1,"21":1,"22":2,"23":1,"24":1,"25":1,"26":1,"27":1,"28":0,"29":0,"30":0,"31":0,"32":0,"33":0,"34":0,"35":0,"36":0,"37":0},"f":{"0":2,"1":1,"2":2,"3":1,"4":0,"5":0},"b":{"0":[0],"1":[0]}}
,"C:\\Users\\franc\\Desktop\\Scuola\\Poli\\Magistrale\\Software engineering\\Project-repo2\\geocontrol\\src\\controllers\\measurementController.ts": {"path":"C:\\Users\\franc\\Desktop\\Scuola\\Poli\\Magistrale\\Software engineering\\Project-repo2\\geocontrol\\src\\controllers\\measurementController.ts","statementMap":{"0":{"start":{"line":11,"column":0},"end":{"line":11,"column":7}},"1":{"start":{"line":16,"column":0},"end":{"line":16,"column":7}},"2":{"start":{"line":22,"column":0},"end":{"line":22,"column":7}},"3":{"start":{"line":28,"column":0},"end":{"line":28,"column":7}},"4":{"start":{"line":34,"column":0},"end":{"line":34,"column":7}},"5":{"start":{"line":49,"column":0},"end":{"line":49,"column":7}},"6":{"start":{"line":67,"column":0},"end":{"line":67,"column":7}},"7":{"start":{"line":4,"column":0},"end":{"line":4,"column":75}},"8":{"start":{"line":5,"column":0},"end":{"line":5,"column":null}},"9":{"start":{"line":12,"column":28},"end":{"line":12,"column":55}},"10":{"start":{"line":13,"column":4},"end":{"line":13,"column":142}},"11":{"start":{"line":17,"column":28},"end":{"line":17,"column":55}},"12":{"start":{"line":18,"column":32},"end":{"line":18,"column":148}},"13":{"start":{"line":19,"column":4},"end":{"line":19,"column":null}},"14":{"start":{"line":23,"column":28},"end":{"line":23,"column":55}},"15":{"start":{"line":24,"column":32},"end":{"line":24,"column":148}},"16":{"start":{"line":25,"column":4},"end":{"line":25,"column":null}},"17":{"start":{"line":29,"column":28},"end":{"line":29,"column":55}},"18":{"start":{"line":30,"column":32},"end":{"line":30,"column":148}},"19":{"start":{"line":31,"column":4},"end":{"line":31,"column":null}},"20":{"start":{"line":35,"column":28},"end":{"line":35,"column":55}},"21":{"start":{"line":36,"column":22},"end":{"line":36,"column":32}},"22":{"start":{"line":37,"column":4},"end":{"line":39,"column":5}},"23":{"start":{"line":38,"column":8},"end":{"line":38,"column":91}},"24":{"start":{"line":40,"column":52},"end":{"line":44,"column":null}},"25":{"start":{"line":42,"column":40},"end":{"line":42,"column":138}},"26":{"start":{"line":43,"column":12},"end":{"line":43,"column":113}},"27":{"start":{"line":46,"column":4},"end":{"line":46,"column":32}},"28":{"start":{"line":50,"column":28},"end":{"line":50,"column":55}},"29":{"start":{"line":51,"column":22},"end":{"line":51,"column":32}},"30":{"start":{"line":52,"column":4},"end":{"line":54,"column":5}},"31":{"start":{"line":53,"column":8},"end":{"line":53,"column":91}},"32":{"start":{"line":55,"column":38},"end":{"line":59,"column":null}},"33":{"start":{"line":57,"column":40},"end":{"line":57,"column":138}},"34":{"start":{"line":58,"column":12},"end":{"line":58,"column":88}},"35":{"start":{"line":61,"column":4},"end":{"line":64,"column":6}},"36":{"start":{"line":68,"column":28},"end":{"line":68,"column":55}},"37":{"start":{"line":69,"column":22},"end":{"line":69,"column":32}},"38":{"start":{"line":70,"column":4},"end":{"line":72,"column":5}},"39":{"start":{"line":71,"column":8},"end":{"line":71,"column":91}},"40":{"start":{"line":73,"column":52},"end":{"line":77,"column":null}},"41":{"start":{"line":75,"column":40},"end":{"line":75,"column":138}},"42":{"start":{"line":76,"column":12},"end":{"line":76,"column":124}},"43":{"start":{"line":79,"column":4},"end":{"line":79,"column":32}}},"fnMap":{"0":{"name":"createMeasurement","decl":{"start":{"line":11,"column":22},"end":{"line":11,"column":39}},"loc":{"start":{"line":11,"column":149},"end":{"line":14,"column":1}}},"1":{"name":"getSensorMeasurements","decl":{"start":{"line":16,"column":22},"end":{"line":16,"column":43}},"loc":{"start":{"line":16,"column":154},"end":{"line":20,"column":1}}},"2":{"name":"getSensorStatistics","decl":{"start":{"line":22,"column":22},"end":{"line":22,"column":41}},"loc":{"start":{"line":22,"column":152},"end":{"line":26,"column":1}}},"3":{"name":"getSensorOutliers","decl":{"start":{"line":28,"column":22},"end":{"line":28,"column":39}},"loc":{"start":{"line":28,"column":150},"end":{"line":32,"column":1}}},"4":{"name":"getNetworkMeasurements","decl":{"start":{"line":34,"column":22},"end":{"line":34,"column":44}},"loc":{"start":{"line":34,"column":123},"end":{"line":47,"column":1}}},"5":{"name":"(anonymous_5)","decl":{"start":{"line":41,"column":24},"end":{"line":41,"column":29}},"loc":{"start":{"line":41,"column":51},"end":{"line":44,"column":9}}},"6":{"name":"getNetworkStatistics","decl":{"start":{"line":49,"column":22},"end":{"line":49,"column":42}},"loc":{"start":{"line":49,"column":121},"end":{"line":65,"column":1}}},"7":{"name":"(anonymous_7)","decl":{"start":{"line":56,"column":24},"end":{"line":56,"column":29}},"loc":{"start":{"line":56,"column":51},"end":{"line":59,"column":9}}},"8":{"name":"getNetworkOutliers","decl":{"start":{"line":67,"column":22},"end":{"line":67,"column":40}},"loc":{"start":{"line":67,"column":119},"end":{"line":80,"column":1}}},"9":{"name":"(anonymous_9)","decl":{"start":{"line":74,"column":24},"end":{"line":74,"column":29}},"loc":{"start":{"line":74,"column":51},"end":{"line":77,"column":9}}}},"branchMap":{"0":{"loc":{"start":{"line":37,"column":4},"end":{"line":39,"column":5}},"type":"if","locations":[{"start":{"line":37,"column":4},"end":{"line":39,"column":5}}]},"1":{"loc":{"start":{"line":37,"column":8},"end":{"line":37,"column":46}},"type":"binary-expr","locations":[{"start":{"line":37,"column":8},"end":{"line":37,"column":19}},{"start":{"line":37,"column":23},"end":{"line":37,"column":46}}]},"2":{"loc":{"start":{"line":52,"column":4},"end":{"line":54,"column":5}},"type":"if","locations":[{"start":{"line":52,"column":4},"end":{"line":54,"column":5}}]},"3":{"loc":{"start":{"line":52,"column":8},"end":{"line":52,"column":46}},"type":"binary-expr","locations":[{"start":{"line":52,"column":8},"end":{"line":52,"column":19}},{"start":{"line":52,"column":23},"end":{"line":52,"column":46}}]},"4":{"loc":{"start":{"line":70,"column":4},"end":{"line":72,"column":5}},"type":"if","locations":[{"start":{"line":70,"column":4},"end":{"line":72,"column":5}}]},"5":{"loc":{"start":{"line":70,"column":8},"end":{"line":70,"column":46}},"type":"binary-expr","locations":[{"start":{"line":70,"column":8},"end":{"line":70,"column":19}},{"start":{"line":70,"column":23},"end":{"line":70,"column":46}}]}},"s":{"0":1,"1":1,"2":1,"3":1,"4":1,"5":1,"6":1,"7":1,"8":1,"9":0,"10":0,"11":0,"12":0,"13":0,"14":0,"15":0,"16":0,"17":0,"18":0,"19":0,"20":0,"21":0,"22":0,"23":0,"24":0,"25":0,"26":0,"27":0,"28":0,"29":0,"30":0,"31":0,"32":0,"33":0,"34":0,"35":0,"36":0,"37":0,"38":0,"39":0,"40":0,"41":0,"42":0,"43":0},"f":{"0":0,"1":0,"2":0,"3":0,"4":0,"5":0,"6":0,"7":0,"8":0,"9":0},"b":{"0":[0],"1":[0,0],"2":[0],"3":[0,0],"4":[0],"5":[0,0]}}
,"C:\\Users\\franc\\Desktop\\Scuola\\Poli\\Magistrale\\Software engineering\\Project-repo2\\geocontrol\\src\\controllers\\networkController.ts": {"path":"C:\\Users\\franc\\Desktop\\Scuola\\Poli\\Magistrale\\Software engineering\\Project-repo2\\geocontrol\\src\\controllers\\networkController.ts","statementMap":{"0":{"start":{"line":7,"column":0},"end":{"line":7,"column":7}},"1":{"start":{"line":12,"column":0},"end":{"line":12,"column":7}},"2":{"start":{"line":25,"column":0},"end":{"line":25,"column":7}},"3":{"start":{"line":31,"column":0},"end":{"line":31,"column":7}},"4":{"start":{"line":36,"column":0},"end":{"line":36,"column":7}},"5":{"start":{"line":2,"column":0},"end":{"line":2,"column":67}},"6":{"start":{"line":3,"column":0},"end":{"line":3,"column":68}},"7":{"start":{"line":4,"column":0},"end":{"line":4,"column":64}},"8":{"start":{"line":5,"column":0},"end":{"line":5,"column":61}},"9":{"start":{"line":8,"column":24},"end":{"line":8,"column":47}},"10":{"start":{"line":9,"column":4},"end":{"line":9,"column":94}},"11":{"start":{"line":13,"column":24},"end":{"line":13,"column":47}},"12":{"start":{"line":14,"column":21},"end":{"line":14,"column":55}},"13":{"start":{"line":15,"column":4},"end":{"line":22,"column":6}},"14":{"start":{"line":17,"column":12},"end":{"line":19,"column":null}},"15":{"start":{"line":26,"column":22},"end":{"line":26,"column":45}},"16":{"start":{"line":27,"column":24},"end":{"line":27,"column":47}},"17":{"start":{"line":28,"column":2},"end":{"line":28,"column":100}},"18":{"start":{"line":32,"column":22},"end":{"line":32,"column":45}},"19":{"start":{"line":33,"column":2},"end":{"line":33,"column":74}},"20":{"start":{"line":37,"column":22},"end":{"line":37,"column":45}},"21":{"start":{"line":38,"column":2},"end":{"line":38,"column":40}}},"fnMap":{"0":{"name":"createNetwork","decl":{"start":{"line":7,"column":22},"end":{"line":7,"column":35}},"loc":{"start":{"line":7,"column":60},"end":{"line":10,"column":1}}},"1":{"name":"getAllNetwork","decl":{"start":{"line":12,"column":22},"end":{"line":12,"column":35}},"loc":{"start":{"line":12,"column":35},"end":{"line":23,"column":1}}},"2":{"name":"(anonymous_2)","decl":{"start":{"line":16,"column":21},"end":{"line":16,"column":26}},"loc":{"start":{"line":17,"column":12},"end":{"line":19,"column":null}}},"3":{"name":"getNetworkByCode","decl":{"start":{"line":25,"column":22},"end":{"line":25,"column":38}},"loc":{"start":{"line":25,"column":51},"end":{"line":29,"column":1}}},"4":{"name":"updateNetwork","decl":{"start":{"line":31,"column":22},"end":{"line":31,"column":35}},"loc":{"start":{"line":31,"column":106},"end":{"line":34,"column":1}}},"5":{"name":"deleteNetwork","decl":{"start":{"line":36,"column":22},"end":{"line":36,"column":35}},"loc":{"start":{"line":36,"column":48},"end":{"line":39,"column":1}}}},"branchMap":{},"s":{"0":1,"1":1,"2":1,"3":1,"4":1,"5":1,"6":1,"7":1,"8":1,"9":1,"10":1,"11":0,"12":0,"13":0,"14":0,"15":0,"16":0,"17":0,"18":0,"19":0,"20":0,"21":0},"f":{"0":1,"1":0,"2":0,"3":0,"4":0,"5":0},"b":{}}
,"C:\\Users\\franc\\Desktop\\Scuola\\Poli\\Magistrale\\Software engineering\\Project-repo2\\geocontrol\\src\\controllers\\sensorController.ts": {"path":"C:\\Users\\franc\\Desktop\\Scuola\\Poli\\Magistrale\\Software engineering\\Project-repo2\\geocontrol\\src\\controllers\\sensorController.ts","statementMap":{"0":{"start":{"line":11,"column":0},"end":{"line":11,"column":7}},"1":{"start":{"line":25,"column":0},"end":{"line":25,"column":7}},"2":{"start":{"line":36,"column":0},"end":{"line":36,"column":7}},"3":{"start":{"line":62,"column":0},"end":{"line":62,"column":7}},"4":{"start":{"line":79,"column":0},"end":{"line":79,"column":7}},"5":{"start":{"line":1,"column":0},"end":{"line":1,"column":75}},"6":{"start":{"line":2,"column":0},"end":{"line":2,"column":66}},"7":{"start":{"line":3,"column":0},"end":{"line":3,"column":68}},"8":{"start":{"line":4,"column":0},"end":{"line":4,"column":68}},"9":{"start":{"line":5,"column":0},"end":{"line":5,"column":47}},"10":{"start":{"line":7,"column":19},"end":{"line":7,"column":41}},"11":{"start":{"line":8,"column":20},"end":{"line":8,"column":43}},"12":{"start":{"line":9,"column":20},"end":{"line":9,"column":43}},"13":{"start":{"line":13,"column":2},"end":{"line":13,"column":55}},"14":{"start":{"line":15,"column":18},"end":{"line":15,"column":60}},"15":{"start":{"line":16,"column":2},"end":{"line":22,"column":6}},"16":{"start":{"line":16,"column":32},"end":{"line":22,"column":4}},"17":{"start":{"line":26,"column":17},"end":{"line":26,"column":67}},"18":{"start":{"line":27,"column":2},"end":{"line":33,"column":4}},"19":{"start":{"line":41,"column":2},"end":{"line":43,"column":3}},"20":{"start":{"line":42,"column":4},"end":{"line":42,"column":61}},"21":{"start":{"line":44,"column":2},"end":{"line":46,"column":3}},"22":{"start":{"line":45,"column":4},"end":{"line":45,"column":51}},"23":{"start":{"line":48,"column":2},"end":{"line":48,"column":50}},"24":{"start":{"line":49,"column":2},"end":{"line":49,"column":55}},"25":{"start":{"line":51,"column":2},"end":{"line":59,"column":4}},"26":{"start":{"line":63,"column":2},"end":{"line":65,"column":3}},"27":{"start":{"line":64,"column":4},"end":{"line":64,"column":61}},"28":{"start":{"line":66,"column":2},"end":{"line":68,"column":3}},"29":{"start":{"line":67,"column":4},"end":{"line":67,"column":51}},"30":{"start":{"line":69,"column":2},"end":{"line":76,"column":4}},"31":{"start":{"line":80,"column":2},"end":{"line":80,"column":44}}},"fnMap":{"0":{"name":"getAllSensors","decl":{"start":{"line":11,"column":22},"end":{"line":11,"column":35}},"loc":{"start":{"line":11,"column":54},"end":{"line":23,"column":1}}},"1":{"name":"(anonymous_2)","decl":{"start":{"line":16,"column":21},"end":{"line":16,"column":27}},"loc":{"start":{"line":16,"column":32},"end":{"line":22,"column":4}}},"2":{"name":"getSensorByMacAddress","decl":{"start":{"line":25,"column":22},"end":{"line":25,"column":43}},"loc":{"start":{"line":25,"column":62},"end":{"line":34,"column":1}}},"3":{"name":"createSensor","decl":{"start":{"line":36,"column":22},"end":{"line":36,"column":34}},"loc":{"start":{"line":39,"column":22},"end":{"line":60,"column":1}}},"4":{"name":"updateSensor","decl":{"start":{"line":62,"column":22},"end":{"line":62,"column":34}},"loc":{"start":{"line":62,"column":75},"end":{"line":77,"column":1}}},"5":{"name":"deleteSensor","decl":{"start":{"line":79,"column":22},"end":{"line":79,"column":34}},"loc":{"start":{"line":79,"column":53},"end":{"line":81,"column":1}}}},"branchMap":{"0":{"loc":{"start":{"line":41,"column":2},"end":{"line":43,"column":3}},"type":"if","locations":[{"start":{"line":41,"column":2},"end":{"line":43,"column":3}}]},"1":{"loc":{"start":{"line":44,"column":2},"end":{"line":46,"column":3}},"type":"if","locations":[{"start":{"line":44,"column":2},"end":{"line":46,"column":3}}]},"2":{"loc":{"start":{"line":55,"column":4},"end":{"line":55,"column":24}},"type":"binary-expr","locations":[{"start":{"line":55,"column":4},"end":{"line":55,"column":18}},{"start":{"line":55,"column":22},"end":{"line":55,"column":24}}]},"3":{"loc":{"start":{"line":56,"column":4},"end":{"line":56,"column":31}},"type":"binary-expr","locations":[{"start":{"line":56,"column":4},"end":{"line":56,"column":25}},{"start":{"line":56,"column":29},"end":{"line":56,"column":31}}]},"4":{"loc":{"start":{"line":57,"column":4},"end":{"line":57,"column":28}},"type":"binary-expr","locations":[{"start":{"line":57,"column":4},"end":{"line":57,"column":22}},{"start":{"line":57,"column":26},"end":{"line":57,"column":28}}]},"5":{"loc":{"start":{"line":58,"column":4},"end":{"line":58,"column":24}},"type":"binary-expr","locations":[{"start":{"line":58,"column":4},"end":{"line":58,"column":18}},{"start":{"line":58,"column":22},"end":{"line":58,"column":24}}]},"6":{"loc":{"start":{"line":63,"column":2},"end":{"line":65,"column":3}},"type":"if","locations":[{"start":{"line":63,"column":2},"end":{"line":65,"column":3}}]},"7":{"loc":{"start":{"line":66,"column":2},"end":{"line":68,"column":3}},"type":"if","locations":[{"start":{"line":66,"column":2},"end":{"line":68,"column":3}}]},"8":{"loc":{"start":{"line":72,"column":4},"end":{"line":72,"column":24}},"type":"binary-expr","locations":[{"start":{"line":72,"column":4},"end":{"line":72,"column":18}},{"start":{"line":72,"column":22},"end":{"line":72,"column":24}}]},"9":{"loc":{"start":{"line":73,"column":4},"end":{"line":73,"column":31}},"type":"binary-expr","locations":[{"start":{"line":73,"column":4},"end":{"line":73,"column":25}},{"start":{"line":73,"column":29},"end":{"line":73,"column":31}}]},"10":{"loc":{"start":{"line":74,"column":4},"end":{"line":74,"column":28}},"type":"binary-expr","locations":[{"start":{"line":74,"column":4},"end":{"line":74,"column":22}},{"start":{"line":74,"column":26},"end":{"line":74,"column":28}}]},"11":{"loc":{"start":{"line":75,"column":4},"end":{"line":75,"column":24}},"type":"binary-expr","locations":[{"start":{"line":75,"column":4},"end":{"line":75,"column":18}},{"start":{"line":75,"column":22},"end":{"line":75,"column":24}}]}},"s":{"0":1,"1":1,"2":1,"3":1,"4":1,"5":1,"6":1,"7":1,"8":1,"9":1,"10":1,"11":1,"12":1,"13":0,"14":0,"15":0,"16":0,"17":0,"18":0,"19":0,"20":0,"21":0,"22":0,"23":0,"24":0,"25":0,"26":0,"27":0,"28":0,"29":0,"30":0,"31":0},"f":{"0":0,"1":0,"2":0,"3":0,"4":0,"5":0},"b":{"0":[0],"1":[0],"2":[0,0],"3":[0,0],"4":[0,0],"5":[0,0],"6":[0],"7":[0],"8":[0,0],"9":[0,0],"10":[0,0],"11":[0,0]}}
,"C:\\Users\\franc\\Desktop\\Scuola\\Poli\\Magistrale\\Software engineering\\Project-repo2\\geocontrol\\src\\controllers\\userController.ts": {"path":"C:\\Users\\franc\\Desktop\\Scuola\\Poli\\Magistrale\\Software engineering\\Project-repo2\\geocontrol\\src\\controllers\\userController.ts","statementMap":{"0":{"start":{"line":5,"column":0},"end":{"line":5,"column":7}},"1":{"start":{"line":10,"column":0},"end":{"line":10,"column":7}},"2":{"start":{"line":15,"column":0},"end":{"line":15,"column":7}},"3":{"start":{"line":20,"column":0},"end":{"line":20,"column":7}},"4":{"start":{"line":2,"column":0},"end":{"line":2,"column":62}},"5":{"start":{"line":3,"column":0},"end":{"line":3,"column":58}},"6":{"start":{"line":6,"column":19},"end":{"line":6,"column":39}},"7":{"start":{"line":7,"column":2},"end":{"line":7,"column":61}},"8":{"start":{"line":11,"column":19},"end":{"line":11,"column":39}},"9":{"start":{"line":12,"column":2},"end":{"line":12,"column":69}},"10":{"start":{"line":16,"column":19},"end":{"line":16,"column":39}},"11":{"start":{"line":17,"column":2},"end":{"line":17,"column":78}},"12":{"start":{"line":21,"column":19},"end":{"line":21,"column":39}},"13":{"start":{"line":22,"column":2},"end":{"line":22,"column":38}}},"fnMap":{"0":{"name":"getAllUsers","decl":{"start":{"line":5,"column":22},"end":{"line":5,"column":33}},"loc":{"start":{"line":5,"column":33},"end":{"line":8,"column":1}}},"1":{"name":"getUser","decl":{"start":{"line":10,"column":22},"end":{"line":10,"column":29}},"loc":{"start":{"line":10,"column":46},"end":{"line":13,"column":1}}},"2":{"name":"createUser","decl":{"start":{"line":15,"column":22},"end":{"line":15,"column":32}},"loc":{"start":{"line":15,"column":49},"end":{"line":18,"column":1}}},"3":{"name":"deleteUser","decl":{"start":{"line":20,"column":22},"end":{"line":20,"column":32}},"loc":{"start":{"line":20,"column":49},"end":{"line":23,"column":1}}}},"branchMap":{},"s":{"0":1,"1":1,"2":1,"3":1,"4":1,"5":1,"6":0,"7":0,"8":0,"9":0,"10":0,"11":0,"12":0,"13":0},"f":{"0":0,"1":0,"2":0,"3":0},"b":{}}
,"C:\\Users\\franc\\Desktop\\Scuola\\Poli\\Magistrale\\Software engineering\\Project-repo2\\geocontrol\\src\\middlewares\\authMiddleware.ts": {"path":"C:\\Users\\franc\\Desktop\\Scuola\\Poli\\Magistrale\\Software engineering\\Project-repo2\\geocontrol\\src\\middlewares\\authMiddleware.ts","statementMap":{"0":{"start":{"line":10,"column":0},"end":{"line":10,"column":16}},"1":{"start":{"line":3,"column":0},"end":{"line":3,"column":53}},"2":{"start":{"line":11,"column":2},"end":{"line":22,"column":4}},"3":{"start":{"line":16,"column":4},"end":{"line":21,"column":5}},"4":{"start":{"line":17,"column":6},"end":{"line":17,"column":66}},"5":{"start":{"line":18,"column":6},"end":{"line":18,"column":13}},"6":{"start":{"line":20,"column":6},"end":{"line":20,"column":18}}},"fnMap":{"0":{"name":"authenticateUser","decl":{"start":{"line":10,"column":16},"end":{"line":10,"column":32}},"loc":{"start":{"line":10,"column":62},"end":{"line":23,"column":1}}},"1":{"name":"(anonymous_1)","decl":{"start":{"line":11,"column":9},"end":{"line":11,"column":14}},"loc":{"start":{"line":15,"column":6},"end":{"line":22,"column":3}}}},"branchMap":{"0":{"loc":{"start":{"line":10,"column":33},"end":{"line":10,"column":62}},"type":"default-arg","locations":[{"start":{"line":10,"column":60},"end":{"line":10,"column":62}}]}},"s":{"0":1,"1":1,"2":27,"3":6,"4":6,"5":5,"6":1},"f":{"0":27,"1":6},"b":{"0":[1]}}
,"C:\\Users\\franc\\Desktop\\Scuola\\Poli\\Magistrale\\Software engineering\\Project-repo2\\geocontrol\\src\\middlewares\\errorMiddleware.ts": {"path":"C:\\Users\\franc\\Desktop\\Scuola\\Poli\\Magistrale\\Software engineering\\Project-repo2\\geocontrol\\src\\middlewares\\errorMiddleware.ts","statementMap":{"0":{"start":{"line":5,"column":0},"end":{"line":5,"column":16}},"1":{"start":{"line":1,"column":0},"end":{"line":1,"column":57}},"2":{"start":{"line":2,"column":0},"end":{"line":2,"column":56}},"3":{"start":{"line":11,"column":29},"end":{"line":11,"column":48}},"4":{"start":{"line":12,"column":2},"end":{"line":12,"column":63}}},"fnMap":{"0":{"name":"errorHandler","decl":{"start":{"line":5,"column":16},"end":{"line":5,"column":28}},"loc":{"start":{"line":9,"column":20},"end":{"line":13,"column":1}}}},"branchMap":{},"s":{"0":1,"1":1,"2":1,"3":1,"4":1},"f":{"0":1},"b":{}}
,"C:\\Users\\franc\\Desktop\\Scuola\\Poli\\Magistrale\\Software engineering\\Project-repo2\\geocontrol\\src\\repositories\\GatewayRepository.ts": {"path":"C:\\Users\\franc\\Desktop\\Scuola\\Poli\\Magistrale\\Software engineering\\Project-repo2\\geocontrol\\src\\repositories\\GatewayRepository.ts","statementMap":{"0":{"start":{"line":1,"column":0},"end":{"line":1,"column":42}},"1":{"start":{"line":3,"column":0},"end":{"line":3,"column":45}},"2":{"start":{"line":4,"column":0},"end":{"line":4,"column":45}},"3":{"start":{"line":5,"column":0},"end":{"line":5,"column":67}},"4":{"start":{"line":11,"column":4},"end":{"line":11,"column":56}},"5":{"start":{"line":15,"column":4},"end":{"line":15,"column":69}},"6":{"start":{"line":19,"column":4},"end":{"line":23,"column":6}},"7":{"start":{"line":21,"column":12},"end":{"line":21,"column":16}},"8":{"start":{"line":33,"column":4},"end":{"line":37,"column":6}},"9":{"start":{"line":35,"column":12},"end":{"line":35,"column":16}},"10":{"start":{"line":38,"column":19},"end":{"line":38,"column":62}},"11":{"start":{"line":39,"column":4},"end":{"line":41,"column":5}},"12":{"start":{"line":40,"column":6},"end":{"line":40,"column":68}},"13":{"start":{"line":42,"column":43},"end":{"line":42,"column":82}},"14":{"start":{"line":43,"column":20},"end":{"line":43,"column":65}},"15":{"start":{"line":45,"column":4},"end":{"line":50,"column":7}},"16":{"start":{"line":59,"column":6},"end":{"line":63,"column":6}},"17":{"start":{"line":61,"column":12},"end":{"line":61,"column":16}},"18":{"start":{"line":65,"column":4},"end":{"line":69,"column":6}},"19":{"start":{"line":67,"column":12},"end":{"line":67,"column":16}},"20":{"start":{"line":71,"column":19},"end":{"line":71,"column":62}},"21":{"start":{"line":72,"column":4},"end":{"line":74,"column":5}},"22":{"start":{"line":73,"column":6},"end":{"line":73,"column":71}},"23":{"start":{"line":76,"column":4},"end":{"line":80,"column":9}},"24":{"start":{"line":85,"column":4},"end":{"line":85,"column":73}},"25":{"start":{"line":7,"column":0},"end":{"line":7,"column":13}}},"fnMap":{"0":{"name":"(anonymous_0)","decl":{"start":{"line":10,"column":2},"end":{"line":10,"column":null}},"loc":{"start":{"line":10,"column":2},"end":{"line":12,"column":3}}},"1":{"name":"(anonymous_1)","decl":{"start":{"line":14,"column":2},"end":{"line":14,"column":16}},"loc":{"start":{"line":14,"column":36},"end":{"line":16,"column":3}}},"2":{"name":"(anonymous_2)","decl":{"start":{"line":18,"column":2},"end":{"line":18,"column":7}},"loc":{"start":{"line":18,"column":49},"end":{"line":24,"column":3}}},"3":{"name":"(anonymous_3)","decl":{"start":{"line":21,"column":6},"end":{"line":21,"column":9}},"loc":{"start":{"line":21,"column":12},"end":{"line":21,"column":16}}},"4":{"name":"(anonymous_4)","decl":{"start":{"line":26,"column":2},"end":{"line":26,"column":7}},"loc":{"start":{"line":30,"column":23},"end":{"line":51,"column":3}}},"5":{"name":"(anonymous_5)","decl":{"start":{"line":35,"column":6},"end":{"line":35,"column":9}},"loc":{"start":{"line":35,"column":12},"end":{"line":35,"column":16}}},"6":{"name":"(anonymous_6)","decl":{"start":{"line":53,"column":2},"end":{"line":53,"column":7}},"loc":{"start":{"line":56,"column":26},"end":{"line":81,"column":3}}},"7":{"name":"(anonymous_7)","decl":{"start":{"line":61,"column":6},"end":{"line":61,"column":9}},"loc":{"start":{"line":61,"column":12},"end":{"line":61,"column":16}}},"8":{"name":"(anonymous_8)","decl":{"start":{"line":67,"column":6},"end":{"line":67,"column":9}},"loc":{"start":{"line":67,"column":12},"end":{"line":67,"column":16}}},"9":{"name":"(anonymous_9)","decl":{"start":{"line":84,"column":2},"end":{"line":84,"column":7}},"loc":{"start":{"line":84,"column":40},"end":{"line":86,"column":3}}}},"branchMap":{"0":{"loc":{"start":{"line":39,"column":4},"end":{"line":41,"column":5}},"type":"if","locations":[{"start":{"line":39,"column":4},"end":{"line":41,"column":5}}]},"1":{"loc":{"start":{"line":72,"column":4},"end":{"line":74,"column":5}},"type":"if","locations":[{"start":{"line":72,"column":4},"end":{"line":74,"column":5}}]}},"s":{"0":1,"1":1,"2":1,"3":1,"4":5,"5":1,"6":1,"7":1,"8":2,"9":0,"10":2,"11":2,"12":0,"13":2,"14":2,"15":2,"16":0,"17":0,"18":0,"19":0,"20":0,"21":0,"22":0,"23":0,"24":0,"25":1},"f":{"0":5,"1":1,"2":1,"3":1,"4":2,"5":0,"6":0,"7":0,"8":0,"9":0},"b":{"0":[0],"1":[0]}}
,"C:\\Users\\franc\\Desktop\\Scuola\\Poli\\Magistrale\\Software engineering\\Project-repo2\\geocontrol\\src\\repositories\\MeasurementRepository.ts": {"path":"C:\\Users\\franc\\Desktop\\Scuola\\Poli\\Magistrale\\Software engineering\\Project-repo2\\geocontrol\\src\\repositories\\MeasurementRepository.ts","statementMap":{"0":{"start":{"line":1,"column":0},"end":{"line":1,"column":42}},"1":{"start":{"line":2,"column":0},"end":{"line":2,"column":46}},"2":{"start":{"line":3,"column":0},"end":{"line":3,"column":53}},"3":{"start":{"line":4,"column":0},"end":{"line":4,"column":42}},"4":{"start":{"line":5,"column":0},"end":{"line":5,"column":45}},"5":{"start":{"line":6,"column":0},"end":{"line":6,"column":67}},"6":{"start":{"line":12,"column":8},"end":{"line":12,"column":null}},"7":{"start":{"line":22,"column":50},"end":{"line":22,"column":88}},"8":{"start":{"line":23,"column":24},"end":{"line":33,"column":10}},"9":{"start":{"line":35,"column":8},"end":{"line":39,"column":10}},"10":{"start":{"line":37,"column":18},"end":{"line":37,"column":36}},"11":{"start":{"line":41,"column":37},"end":{"line":57,"column":10}},"12":{"start":{"line":59,"column":8},"end":{"line":59,"column":36}},"13":{"start":{"line":68,"column":50},"end":{"line":68,"column":88}},"14":{"start":{"line":69,"column":24},"end":{"line":78,"column":10}},"15":{"start":{"line":80,"column":8},"end":{"line":84,"column":10}},"16":{"start":{"line":82,"column":18},"end":{"line":82,"column":36}},"17":{"start":{"line":86,"column":37},"end":{"line":94,"column":10}},"18":{"start":{"line":96,"column":8},"end":{"line":96,"column":36}},"19":{"start":{"line":107,"column":8},"end":{"line":114,"column":null}},"20":{"start":{"line":112,"column":18},"end":{"line":112,"column":22}},"21":{"start":{"line":116,"column":50},"end":{"line":116,"column":88}},"22":{"start":{"line":117,"column":36},"end":{"line":117,"column":38}},"23":{"start":{"line":118,"column":8},"end":{"line":132,"column":10}},"24":{"start":{"line":130,"column":18},"end":{"line":130,"column":22}},"25":{"start":{"line":133,"column":23},"end":{"line":133,"column":33}},"26":{"start":{"line":135,"column":8},"end":{"line":140,"column":null}},"27":{"start":{"line":144,"column":52},"end":{"line":144,"column":91}},"28":{"start":{"line":145,"column":24},"end":{"line":145,"column":80}},"29":{"start":{"line":147,"column":8},"end":{"line":151,"column":10}},"30":{"start":{"line":149,"column":18},"end":{"line":149,"column":36}},"31":{"start":{"line":153,"column":24},"end":{"line":158,"column":10}},"32":{"start":{"line":160,"column":8},"end":{"line":160,"column":56}},"33":{"start":{"line":160,"column":37},"end":{"line":160,"column":54}},"34":{"start":{"line":8,"column":0},"end":{"line":8,"column":13}}},"fnMap":{"0":{"name":"(anonymous_0)","decl":{"start":{"line":11,"column":4},"end":{"line":11,"column":null}},"loc":{"start":{"line":11,"column":4},"end":{"line":13,"column":5}}},"1":{"name":"(anonymous_1)","decl":{"start":{"line":15,"column":4},"end":{"line":15,"column":9}},"loc":{"start":{"line":20,"column":22},"end":{"line":60,"column":5}}},"2":{"name":"(anonymous_2)","decl":{"start":{"line":37,"column":12},"end":{"line":37,"column":15}},"loc":{"start":{"line":37,"column":18},"end":{"line":37,"column":36}}},"3":{"name":"(anonymous_3)","decl":{"start":{"line":62,"column":4},"end":{"line":62,"column":9}},"loc":{"start":{"line":66,"column":22},"end":{"line":97,"column":5}}},"4":{"name":"(anonymous_4)","decl":{"start":{"line":82,"column":12},"end":{"line":82,"column":15}},"loc":{"start":{"line":82,"column":18},"end":{"line":82,"column":36}}},"5":{"name":"(anonymous_5)","decl":{"start":{"line":100,"column":4},"end":{"line":100,"column":9}},"loc":{"start":{"line":105,"column":22},"end":{"line":141,"column":5}}},"6":{"name":"(anonymous_6)","decl":{"start":{"line":112,"column":12},"end":{"line":112,"column":15}},"loc":{"start":{"line":112,"column":18},"end":{"line":112,"column":22}}},"7":{"name":"(anonymous_7)","decl":{"start":{"line":130,"column":12},"end":{"line":130,"column":15}},"loc":{"start":{"line":130,"column":18},"end":{"line":130,"column":22}}},"8":{"name":"(anonymous_8)","decl":{"start":{"line":143,"column":4},"end":{"line":143,"column":9}},"loc":{"start":{"line":143,"column":63},"end":{"line":161,"column":5}}},"9":{"name":"(anonymous_9)","decl":{"start":{"line":149,"column":12},"end":{"line":149,"column":15}},"loc":{"start":{"line":149,"column":18},"end":{"line":149,"column":36}}},"10":{"name":"(anonymous_10)","decl":{"start":{"line":160,"column":27},"end":{"line":160,"column":33}},"loc":{"start":{"line":160,"column":37},"end":{"line":160,"column":54}}}},"branchMap":{},"s":{"0":1,"1":1,"2":1,"3":1,"4":1,"5":1,"6":0,"7":0,"8":0,"9":0,"10":0,"11":0,"12":0,"13":0,"14":0,"15":0,"16":0,"17":0,"18":0,"19":0,"20":0,"21":0,"22":0,"23":0,"24":0,"25":0,"26":0,"27":0,"28":0,"29":0,"30":0,"31":0,"32":0,"33":0,"34":1},"f":{"0":0,"1":0,"2":0,"3":0,"4":0,"5":0,"6":0,"7":0,"8":0,"9":0,"10":0},"b":{}}
,"C:\\Users\\franc\\Desktop\\Scuola\\Poli\\Magistrale\\Software engineering\\Project-repo2\\geocontrol\\src\\repositories\\NetworkRepository.ts": {"path":"C:\\Users\\franc\\Desktop\\Scuola\\Poli\\Magistrale\\Software engineering\\Project-repo2\\geocontrol\\src\\repositories\\NetworkRepository.ts","statementMap":{"0":{"start":{"line":1,"column":0},"end":{"line":1,"column":42}},"1":{"start":{"line":3,"column":0},"end":{"line":3,"column":45}},"2":{"start":{"line":4,"column":0},"end":{"line":4,"column":67}},"3":{"start":{"line":10,"column":4},"end":{"line":10,"column":56}},"4":{"start":{"line":14,"column":4},"end":{"line":14,"column":28}},"5":{"start":{"line":18,"column":4},"end":{"line":22,"column":6}},"6":{"start":{"line":20,"column":12},"end":{"line":20,"column":16}},"7":{"start":{"line":30,"column":4},"end":{"line":34,"column":6}},"8":{"start":{"line":32,"column":12},"end":{"line":32,"column":16}},"9":{"start":{"line":36,"column":4},"end":{"line":40,"column":7}},"10":{"start":{"line":44,"column":6},"end":{"line":48,"column":6}},"11":{"start":{"line":46,"column":12},"end":{"line":46,"column":16}},"12":{"start":{"line":49,"column":4},"end":{"line":53,"column":6}},"13":{"start":{"line":51,"column":12},"end":{"line":51,"column":16}},"14":{"start":{"line":54,"column":4},"end":{"line":57,"column":38}},"15":{"start":{"line":63,"column":4},"end":{"line":63,"column":62}},"16":{"start":{"line":6,"column":0},"end":{"line":6,"column":13}}},"fnMap":{"0":{"name":"(anonymous_0)","decl":{"start":{"line":9,"column":2},"end":{"line":9,"column":null}},"loc":{"start":{"line":9,"column":2},"end":{"line":11,"column":3}}},"1":{"name":"(anonymous_1)","decl":{"start":{"line":13,"column":2},"end":{"line":13,"column":16}},"loc":{"start":{"line":13,"column":16},"end":{"line":15,"column":3}}},"2":{"name":"(anonymous_2)","decl":{"start":{"line":17,"column":2},"end":{"line":17,"column":7}},"loc":{"start":{"line":17,"column":37},"end":{"line":23,"column":3}}},"3":{"name":"(anonymous_3)","decl":{"start":{"line":20,"column":6},"end":{"line":20,"column":9}},"loc":{"start":{"line":20,"column":12},"end":{"line":20,"column":16}}},"4":{"name":"(anonymous_4)","decl":{"start":{"line":25,"column":2},"end":{"line":25,"column":7}},"loc":{"start":{"line":28,"column":23},"end":{"line":41,"column":3}}},"5":{"name":"(anonymous_5)","decl":{"start":{"line":32,"column":6},"end":{"line":32,"column":9}},"loc":{"start":{"line":32,"column":12},"end":{"line":32,"column":16}}},"6":{"name":"(anonymous_6)","decl":{"start":{"line":43,"column":2},"end":{"line":43,"column":7}},"loc":{"start":{"line":43,"column":92},"end":{"line":58,"column":3}}},"7":{"name":"(anonymous_7)","decl":{"start":{"line":46,"column":6},"end":{"line":46,"column":9}},"loc":{"start":{"line":46,"column":12},"end":{"line":46,"column":16}}},"8":{"name":"(anonymous_8)","decl":{"start":{"line":51,"column":6},"end":{"line":51,"column":9}},"loc":{"start":{"line":51,"column":12},"end":{"line":51,"column":16}}},"9":{"name":"(anonymous_9)","decl":{"start":{"line":62,"column":2},"end":{"line":62,"column":7}},"loc":{"start":{"line":62,"column":34},"end":{"line":64,"column":3}}}},"branchMap":{},"s":{"0":1,"1":1,"2":1,"3":6,"4":0,"5":4,"6":4,"7":1,"8":0,"9":1,"10":0,"11":0,"12":0,"13":0,"14":0,"15":0,"16":1},"f":{"0":6,"1":0,"2":4,"3":4,"4":1,"5":0,"6":0,"7":0,"8":0,"9":0},"b":{}}
,"C:\\Users\\franc\\Desktop\\Scuola\\Poli\\Magistrale\\Software engineering\\Project-repo2\\geocontrol\\src\\repositories\\SensorRepository.ts": {"path":"C:\\Users\\franc\\Desktop\\Scuola\\Poli\\Magistrale\\Software engineering\\Project-repo2\\geocontrol\\src\\repositories\\SensorRepository.ts","statementMap":{"0":{"start":{"line":1,"column":0},"end":{"line":1,"column":42}},"1":{"start":{"line":3,"column":0},"end":{"line":3,"column":43}},"2":{"start":{"line":4,"column":0},"end":{"line":4,"column":45}},"3":{"start":{"line":5,"column":0},"end":{"line":5,"column":67}},"4":{"start":{"line":11,"column":4},"end":{"line":11,"column":55}},"5":{"start":{"line":15,"column":4},"end":{"line":18,"column":7}},"6":{"start":{"line":22,"column":4},"end":{"line":26,"column":6}},"7":{"start":{"line":24,"column":12},"end":{"line":24,"column":16}},"8":{"start":{"line":39,"column":4},"end":{"line":43,"column":6}},"9":{"start":{"line":41,"column":12},"end":{"line":41,"column":16}},"10":{"start":{"line":45,"column":21},"end":{"line":45,"column":64}},"11":{"start":{"line":46,"column":4},"end":{"line":48,"column":5}},"12":{"start":{"line":47,"column":6},"end":{"line":47,"column":69}},"13":{"start":{"line":51,"column":24},"end":{"line":51,"column":63}},"14":{"start":{"line":52,"column":20},"end":{"line":55,"column":6}},"15":{"start":{"line":57,"column":4},"end":{"line":59,"column":5}},"16":{"start":{"line":58,"column":6},"end":{"line":58,"column":108}},"17":{"start":{"line":61,"column":4},"end":{"line":68,"column":7}},"18":{"start":{"line":79,"column":4},"end":{"line":83,"column":6}},"19":{"start":{"line":81,"column":12},"end":{"line":81,"column":16}},"20":{"start":{"line":85,"column":4},"end":{"line":89,"column":6}},"21":{"start":{"line":87,"column":12},"end":{"line":87,"column":40}},"22":{"start":{"line":91,"column":21},"end":{"line":91,"column":64}},"23":{"start":{"line":92,"column":4},"end":{"line":94,"column":5}},"24":{"start":{"line":93,"column":6},"end":{"line":93,"column":72}},"25":{"start":{"line":96,"column":4},"end":{"line":105,"column":6}},"26":{"start":{"line":109,"column":19},"end":{"line":109,"column":63}},"27":{"start":{"line":110,"column":4},"end":{"line":110,"column":35}},"28":{"start":{"line":7,"column":0},"end":{"line":7,"column":13}}},"fnMap":{"0":{"name":"(anonymous_0)","decl":{"start":{"line":10,"column":2},"end":{"line":10,"column":null}},"loc":{"start":{"line":10,"column":2},"end":{"line":12,"column":3}}},"1":{"name":"(anonymous_1)","decl":{"start":{"line":14,"column":2},"end":{"line":14,"column":7}},"loc":{"start":{"line":14,"column":40},"end":{"line":19,"column":3}}},"2":{"name":"(anonymous_2)","decl":{"start":{"line":21,"column":2},"end":{"line":21,"column":7}},"loc":{"start":{"line":21,"column":48},"end":{"line":27,"column":3}}},"3":{"name":"(anonymous_3)","decl":{"start":{"line":24,"column":6},"end":{"line":24,"column":9}},"loc":{"start":{"line":24,"column":12},"end":{"line":24,"column":16}}},"4":{"name":"(anonymous_4)","decl":{"start":{"line":29,"column":2},"end":{"line":29,"column":7}},"loc":{"start":{"line":36,"column":16},"end":{"line":69,"column":3}}},"5":{"name":"(anonymous_5)","decl":{"start":{"line":41,"column":6},"end":{"line":41,"column":9}},"loc":{"start":{"line":41,"column":12},"end":{"line":41,"column":16}}},"6":{"name":"(anonymous_6)","decl":{"start":{"line":71,"column":2},"end":{"line":71,"column":7}},"loc":{"start":{"line":77,"column":19},"end":{"line":106,"column":3}}},"7":{"name":"(anonymous_7)","decl":{"start":{"line":81,"column":6},"end":{"line":81,"column":9}},"loc":{"start":{"line":81,"column":12},"end":{"line":81,"column":16}}},"8":{"name":"(anonymous_8)","decl":{"start":{"line":87,"column":6},"end":{"line":87,"column":9}},"loc":{"start":{"line":87,"column":12},"end":{"line":87,"column":40}}},"9":{"name":"(anonymous_9)","decl":{"start":{"line":108,"column":2},"end":{"line":108,"column":7}},"loc":{"start":{"line":108,"column":39},"end":{"line":111,"column":3}}}},"branchMap":{"0":{"loc":{"start":{"line":46,"column":4},"end":{"line":48,"column":5}},"type":"if","locations":[{"start":{"line":46,"column":4},"end":{"line":48,"column":5}}]},"1":{"loc":{"start":{"line":57,"column":4},"end":{"line":59,"column":5}},"type":"if","locations":[{"start":{"line":57,"column":4},"end":{"line":59,"column":5}}]},"2":{"loc":{"start":{"line":92,"column":4},"end":{"line":94,"column":5}},"type":"if","locations":[{"start":{"line":92,"column":4},"end":{"line":94,"column":5}}]}},"s":{"0":1,"1":1,"2":1,"3":1,"4":3,"5":3,"6":0,"7":0,"8":0,"9":0,"10":0,"11":0,"12":0,"13":0,"14":0,"15":0,"16":0,"17":0,"18":0,"19":0,"20":0,"21":0,"22":0,"23":0,"24":0,"25":0,"26":0,"27":0,"28":1},"f":{"0":3,"1":3,"2":0,"3":0,"4":0,"5":0,"6":0,"7":0,"8":0,"9":0},"b":{"0":[0],"1":[0],"2":[0]}}
,"C:\\Users\\franc\\Desktop\\Scuola\\Poli\\Magistrale\\Software engineering\\Project-repo2\\geocontrol\\src\\repositories\\UserRepository.ts": {"path":"C:\\Users\\franc\\Desktop\\Scuola\\Poli\\Magistrale\\Software engineering\\Project-repo2\\geocontrol\\src\\repositories\\UserRepository.ts","statementMap":{"0":{"start":{"line":1,"column":0},"end":{"line":1,"column":42}},"1":{"start":{"line":3,"column":0},"end":{"line":3,"column":39}},"2":{"start":{"line":5,"column":0},"end":{"line":5,"column":67}},"3":{"start":{"line":11,"column":4},"end":{"line":11,"column":53}},"4":{"start":{"line":15,"column":4},"end":{"line":15,"column":28}},"5":{"start":{"line":19,"column":4},"end":{"line":23,"column":6}},"6":{"start":{"line":21,"column":12},"end":{"line":21,"column":16}},"7":{"start":{"line":31,"column":4},"end":{"line":35,"column":6}},"8":{"start":{"line":33,"column":12},"end":{"line":33,"column":16}},"9":{"start":{"line":37,"column":4},"end":{"line":41,"column":7}},"10":{"start":{"line":45,"column":4},"end":{"line":45,"column":67}},"11":{"start":{"line":7,"column":0},"end":{"line":7,"column":13}}},"fnMap":{"0":{"name":"(anonymous_0)","decl":{"start":{"line":10,"column":2},"end":{"line":10,"column":null}},"loc":{"start":{"line":10,"column":2},"end":{"line":12,"column":3}}},"1":{"name":"(anonymous_1)","decl":{"start":{"line":14,"column":2},"end":{"line":14,"column":13}},"loc":{"start":{"line":14,"column":13},"end":{"line":16,"column":3}}},"2":{"name":"(anonymous_2)","decl":{"start":{"line":18,"column":2},"end":{"line":18,"column":7}},"loc":{"start":{"line":18,"column":42},"end":{"line":24,"column":3}}},"3":{"name":"(anonymous_3)","decl":{"start":{"line":21,"column":6},"end":{"line":21,"column":9}},"loc":{"start":{"line":21,"column":12},"end":{"line":21,"column":16}}},"4":{"name":"(anonymous_4)","decl":{"start":{"line":26,"column":2},"end":{"line":26,"column":7}},"loc":{"start":{"line":29,"column":22},"end":{"line":42,"column":3}}},"5":{"name":"(anonymous_5)","decl":{"start":{"line":33,"column":6},"end":{"line":33,"column":9}},"loc":{"start":{"line":33,"column":12},"end":{"line":33,"column":16}}},"6":{"name":"(anonymous_6)","decl":{"start":{"line":44,"column":2},"end":{"line":44,"column":7}},"loc":{"start":{"line":44,"column":35},"end":{"line":46,"column":3}}}},"branchMap":{},"s":{"0":1,"1":1,"2":1,"3":7,"4":0,"5":6,"6":6,"7":3,"8":0,"9":3,"10":0,"11":1},"f":{"0":7,"1":0,"2":6,"3":6,"4":3,"5":0,"6":0},"b":{}}
,"C:\\Users\\franc\\Desktop\\Scuola\\Poli\\Magistrale\\Software engineering\\Project-repo2\\geocontrol\\src\\routes\\authenticationRoutes.ts": {"path":"C:\\Users\\franc\\Desktop\\Scuola\\Poli\\Magistrale\\Software engineering\\Project-repo2\\geocontrol\\src\\routes\\authenticationRoutes.ts","statementMap":{"0":{"start":{"line":1,"column":0},"end":{"line":1,"column":33}},"1":{"start":{"line":2,"column":0},"end":{"line":2,"column":41}},"2":{"start":{"line":3,"column":0},"end":{"line":3,"column":55}},"3":{"start":{"line":5,"column":15},"end":{"line":5,"column":23}},"4":{"start":{"line":8,"column":0},"end":{"line":14,"column":3}},"5":{"start":{"line":9,"column":2},"end":{"line":13,"column":3}},"6":{"start":{"line":10,"column":4},"end":{"line":10,"column":65}},"7":{"start":{"line":12,"column":4},"end":{"line":12,"column":16}},"8":{"start":{"line":16,"column":0},"end":{"line":16,"column":22}}},"fnMap":{"0":{"name":"(anonymous_0)","decl":{"start":{"line":8,"column":16},"end":{"line":8,"column":21}},"loc":{"start":{"line":8,"column":41},"end":{"line":14,"column":1}}}},"branchMap":{},"s":{"0":1,"1":1,"2":1,"3":1,"4":1,"5":0,"6":0,"7":0,"8":1},"f":{"0":0},"b":{}}
,"C:\\Users\\franc\\Desktop\\Scuola\\Poli\\Magistrale\\Software engineering\\Project-repo2\\geocontrol\\src\\routes\\gatewayRoutes.ts": {"path":"C:\\Users\\franc\\Desktop\\Scuola\\Poli\\Magistrale\\Software engineering\\Project-repo2\\geocontrol\\src\\routes\\gatewayRoutes.ts","statementMap":{"0":{"start":{"line":2,"column":0},"end":{"line":2,"column":33}},"1":{"start":{"line":3,"column":0},"end":{"line":3,"column":63}},"2":{"start":{"line":4,"column":0},"end":{"line":4,"column":44}},"3":{"start":{"line":5,"column":0},"end":{"line":5,"column":null}},"4":{"start":{"line":12,"column":0},"end":{"line":12,"column":54}},"5":{"start":{"line":16,"column":15},"end":{"line":16,"column":44}},"6":{"start":{"line":19,"column":0},"end":{"line":26,"column":3}},"7":{"start":{"line":20,"column":2},"end":{"line":25,"column":3}},"8":{"start":{"line":21,"column":4},"end":{"line":21,"column":71}},"9":{"start":{"line":24,"column":4},"end":{"line":24,"column":null}},"10":{"start":{"line":29,"column":0},"end":{"line":37,"column":3}},"11":{"start":{"line":30,"column":2},"end":{"line":36,"column":3}},"12":{"start":{"line":31,"column":4},"end":{"line":31,"column":75}},"13":{"start":{"line":32,"column":4},"end":{"line":32,"column":null}},"14":{"start":{"line":35,"column":4},"end":{"line":35,"column":null}},"15":{"start":{"line":40,"column":0},"end":{"line":49,"column":3}},"16":{"start":{"line":41,"column":2},"end":{"line":48,"column":3}},"17":{"start":{"line":43,"column":6},"end":{"line":43,"column":104}},"18":{"start":{"line":47,"column":6},"end":{"line":47,"column":null}},"19":{"start":{"line":52,"column":0},"end":{"line":62,"column":3}},"20":{"start":{"line":53,"column":2},"end":{"line":61,"column":3}},"21":{"start":{"line":55,"column":6},"end":{"line":55,"column":100}},"22":{"start":{"line":56,"column":6},"end":{"line":56,"column":29}},"23":{"start":{"line":60,"column":4},"end":{"line":60,"column":16}},"24":{"start":{"line":65,"column":0},"end":{"line":75,"column":3}},"25":{"start":{"line":66,"column":2},"end":{"line":74,"column":3}},"26":{"start":{"line":68,"column":6},"end":{"line":68,"column":73}},"27":{"start":{"line":69,"column":6},"end":{"line":69,"column":29}},"28":{"start":{"line":73,"column":4},"end":{"line":73,"column":16}},"29":{"start":{"line":78,"column":0},"end":{"line":81,"column":3}},"30":{"start":{"line":79,"column":2},"end":{"line":79,"column":31}},"31":{"start":{"line":80,"column":2},"end":{"line":80,"column":56}},"32":{"start":{"line":83,"column":0},"end":{"line":86,"column":3}},"33":{"start":{"line":84,"column":2},"end":{"line":84,"column":39}},"34":{"start":{"line":85,"column":2},"end":{"line":85,"column":56}},"35":{"start":{"line":88,"column":0},"end":{"line":88,"column":22}}},"fnMap":{"0":{"name":"(anonymous_0)","decl":{"start":{"line":19,"column":87},"end":{"line":19,"column":92}},"loc":{"start":{"line":19,"column":112},"end":{"line":26,"column":1}}},"1":{"name":"(anonymous_1)","decl":{"start":{"line":29,"column":71},"end":{"line":29,"column":76}},"loc":{"start":{"line":29,"column":96},"end":{"line":37,"column":1}}},"2":{"name":"(anonymous_2)","decl":{"start":{"line":40,"column":99},"end":{"line":40,"column":104}},"loc":{"start":{"line":40,"column":124},"end":{"line":49,"column":1}}},"3":{"name":"(anonymous_3)","decl":{"start":{"line":52,"column":84},"end":{"line":52,"column":89}},"loc":{"start":{"line":52,"column":109},"end":{"line":62,"column":1}}},"4":{"name":"(anonymous_4)","decl":{"start":{"line":65,"column":85},"end":{"line":65,"column":90}},"loc":{"start":{"line":65,"column":110},"end":{"line":75,"column":1}}},"5":{"name":"(anonymous_5)","decl":{"start":{"line":78,"column":16},"end":{"line":78,"column":17}},"loc":{"start":{"line":78,"column":29},"end":{"line":81,"column":1}}},"6":{"name":"(anonymous_6)","decl":{"start":{"line":83,"column":27},"end":{"line":83,"column":28}},"loc":{"start":{"line":83,"column":40},"end":{"line":86,"column":1}}}},"branchMap":{},"s":{"0":1,"1":1,"2":1,"3":1,"4":1,"5":1,"6":1,"7":1,"8":1,"9":0,"10":1,"11":2,"12":2,"13":2,"14":0,"15":1,"16":1,"17":1,"18":0,"19":1,"20":0,"21":0,"22":0,"23":0,"24":1,"25":0,"26":0,"27":0,"28":0,"29":1,"30":0,"31":0,"32":1,"33":0,"34":0,"35":1},"f":{"0":1,"1":2,"2":1,"3":0,"4":0,"5":0,"6":0},"b":{}}
,"C:\\Users\\franc\\Desktop\\Scuola\\Poli\\Magistrale\\Software engineering\\Project-repo2\\geocontrol\\src\\routes\\measurementRoutes.ts": {"path":"C:\\Users\\franc\\Desktop\\Scuola\\Poli\\Magistrale\\Software engineering\\Project-repo2\\geocontrol\\src\\routes\\measurementRoutes.ts","statementMap":{"0":{"start":{"line":1,"column":0},"end":{"line":1,"column":33}},"1":{"start":{"line":3,"column":0},"end":{"line":3,"column":33}},"2":{"start":{"line":4,"column":0},"end":{"line":4,"column":63}},"3":{"start":{"line":5,"column":0},"end":{"line":5,"column":44}},"4":{"start":{"line":6,"column":0},"end":{"line":6,"column":null}},"5":{"start":{"line":15,"column":0},"end":{"line":15,"column":54}},"6":{"start":{"line":17,"column":15},"end":{"line":17,"column":23}},"7":{"start":{"line":20,"column":0},"end":{"line":42,"column":2}},"8":{"start":{"line":24,"column":24},"end":{"line":24,"column":29}},"9":{"start":{"line":25,"column":4},"end":{"line":37,"column":8}},"10":{"start":{"line":26,"column":6},"end":{"line":36,"column":7}},"11":{"start":{"line":27,"column":8},"end":{"line":32,"column":8}},"12":{"start":{"line":34,"column":8},"end":{"line":34,"column":29}},"13":{"start":{"line":35,"column":8},"end":{"line":35,"column":20}},"14":{"start":{"line":38,"column":4},"end":{"line":40,"column":5}},"15":{"start":{"line":39,"column":6},"end":{"line":39,"column":29}},"16":{"start":{"line":45,"column":0},"end":{"line":57,"column":2}},"17":{"start":{"line":49,"column":4},"end":{"line":55,"column":5}},"18":{"start":{"line":50,"column":24},"end":{"line":50,"column":99}},"19":{"start":{"line":51,"column":22},"end":{"line":51,"column":92}},"20":{"start":{"line":52,"column":6},"end":{"line":52,"column":null}},"21":{"start":{"line":54,"column":6},"end":{"line":54,"column":null}},"22":{"start":{"line":60,"column":0},"end":{"line":81,"column":2}},"23":{"start":{"line":63,"column":4},"end":{"line":79,"column":5}},"24":{"start":{"line":64,"column":24},"end":{"line":64,"column":99}},"25":{"start":{"line":65,"column":22},"end":{"line":65,"column":92}},"26":{"start":{"line":66,"column":20},"end":{"line":71,"column":null}},"27":{"start":{"line":73,"column":6},"end":{"line":76,"column":9}},"28":{"start":{"line":78,"column":6},"end":{"line":78,"column":null}},"29":{"start":{"line":84,"column":0},"end":{"line":96,"column":2}},"30":{"start":{"line":88,"column":4},"end":{"line":94,"column":5}},"31":{"start":{"line":89,"column":24},"end":{"line":89,"column":99}},"32":{"start":{"line":90,"column":22},"end":{"line":90,"column":92}},"33":{"start":{"line":91,"column":6},"end":{"line":91,"column":null}},"34":{"start":{"line":93,"column":6},"end":{"line":93,"column":null}},"35":{"start":{"line":99,"column":0},"end":{"line":112,"column":2}},"36":{"start":{"line":103,"column":4},"end":{"line":110,"column":5}},"37":{"start":{"line":104,"column":35},"end":{"line":104,"column":114}},"38":{"start":{"line":105,"column":24},"end":{"line":105,"column":99}},"39":{"start":{"line":106,"column":22},"end":{"line":106,"column":92}},"40":{"start":{"line":107,"column":6},"end":{"line":107,"column":null}},"41":{"start":{"line":109,"column":6},"end":{"line":109,"column":null}},"42":{"start":{"line":115,"column":0},"end":{"line":133,"column":2}},"43":{"start":{"line":119,"column":4},"end":{"line":131,"column":5}},"44":{"start":{"line":120,"column":35},"end":{"line":120,"column":114}},"45":{"start":{"line":121,"column":24},"end":{"line":121,"column":99}},"46":{"start":{"line":122,"column":22},"end":{"line":122,"column":92}},"47":{"start":{"line":123,"column":30},"end":{"line":123,"column":112}},"48":{"start":{"line":124,"column":21},"end":{"line":127,"column":9}},"49":{"start":{"line":124,"column":60},"end":{"line":127,"column":8}},"50":{"start":{"line":128,"column":6},"end":{"line":128,"column":35}},"51":{"start":{"line":130,"column":6},"end":{"line":130,"column":null}},"52":{"start":{"line":136,"column":0},"end":{"line":149,"column":2}},"53":{"start":{"line":140,"column":4},"end":{"line":147,"column":5}},"54":{"start":{"line":141,"column":35},"end":{"line":141,"column":114}},"55":{"start":{"line":142,"column":24},"end":{"line":142,"column":99}},"56":{"start":{"line":143,"column":22},"end":{"line":143,"column":92}},"57":{"start":{"line":144,"column":6},"end":{"line":144,"column":null}},"58":{"start":{"line":146,"column":6},"end":{"line":146,"column":null}},"59":{"start":{"line":151,"column":0},"end":{"line":151,"column":22}}},"fnMap":{"0":{"name":"(anonymous_0)","decl":{"start":{"line":23,"column":2},"end":{"line":23,"column":7}},"loc":{"start":{"line":23,"column":27},"end":{"line":41,"column":3}}},"1":{"name":"(anonymous_1)","decl":{"start":{"line":25,"column":35},"end":{"line":25,"column":40}},"loc":{"start":{"line":25,"column":57},"end":{"line":37,"column":5}}},"2":{"name":"(anonymous_2)","decl":{"start":{"line":48,"column":2},"end":{"line":48,"column":7}},"loc":{"start":{"line":48,"column":27},"end":{"line":56,"column":3}}},"3":{"name":"(anonymous_3)","decl":{"start":{"line":62,"column":2},"end":{"line":62,"column":7}},"loc":{"start":{"line":62,"column":27},"end":{"line":80,"column":3}}},"4":{"name":"(anonymous_4)","decl":{"start":{"line":87,"column":2},"end":{"line":87,"column":7}},"loc":{"start":{"line":87,"column":27},"end":{"line":95,"column":3}}},"5":{"name":"(anonymous_5)","decl":{"start":{"line":102,"column":2},"end":{"line":102,"column":7}},"loc":{"start":{"line":102,"column":27},"end":{"line":111,"column":3}}},"6":{"name":"(anonymous_6)","decl":{"start":{"line":118,"column":2},"end":{"line":118,"column":7}},"loc":{"start":{"line":118,"column":27},"end":{"line":132,"column":3}}},"7":{"name":"(anonymous_7)","decl":{"start":{"line":124,"column":31},"end":{"line":124,"column":32}},"loc":{"start":{"line":124,"column":60},"end":{"line":127,"column":8}}},"8":{"name":"(anonymous_8)","decl":{"start":{"line":139,"column":2},"end":{"line":139,"column":7}},"loc":{"start":{"line":139,"column":27},"end":{"line":148,"column":3}}}},"branchMap":{"0":{"loc":{"start":{"line":38,"column":4},"end":{"line":40,"column":5}},"type":"if","locations":[{"start":{"line":38,"column":4},"end":{"line":40,"column":5}}]},"1":{"loc":{"start":{"line":50,"column":24},"end":{"line":50,"column":99}},"type":"cond-expr","locations":[{"start":{"line":50,"column":46},"end":{"line":50,"column":85}},{"start":{"line":50,"column":88},"end":{"line":50,"column":99}}]},"2":{"loc":{"start":{"line":51,"column":22},"end":{"line":51,"column":92}},"type":"cond-expr","locations":[{"start":{"line":51,"column":42},"end":{"line":51,"column":79}},{"start":{"line":51,"column":82},"end":{"line":51,"column":92}}]},"3":{"loc":{"start":{"line":64,"column":24},"end":{"line":64,"column":99}},"type":"cond-expr","locations":[{"start":{"line":64,"column":46},"end":{"line":64,"column":85}},{"start":{"line":64,"column":88},"end":{"line":64,"column":99}}]},"4":{"loc":{"start":{"line":65,"column":22},"end":{"line":65,"column":92}},"type":"cond-expr","locations":[{"start":{"line":65,"column":42},"end":{"line":65,"column":79}},{"start":{"line":65,"column":82},"end":{"line":65,"column":92}}]},"5":{"loc":{"start":{"line":89,"column":24},"end":{"line":89,"column":99}},"type":"cond-expr","locations":[{"start":{"line":89,"column":46},"end":{"line":89,"column":85}},{"start":{"line":89,"column":88},"end":{"line":89,"column":99}}]},"6":{"loc":{"start":{"line":90,"column":22},"end":{"line":90,"column":92}},"type":"cond-expr","locations":[{"start":{"line":90,"column":42},"end":{"line":90,"column":79}},{"start":{"line":90,"column":82},"end":{"line":90,"column":92}}]},"7":{"loc":{"start":{"line":104,"column":35},"end":{"line":104,"column":114}},"type":"cond-expr","locations":[{"start":{"line":104,"column":78},"end":{"line":104,"column":109}},{"start":{"line":104,"column":112},"end":{"line":104,"column":114}}]},"8":{"loc":{"start":{"line":105,"column":24},"end":{"line":105,"column":99}},"type":"cond-expr","locations":[{"start":{"line":105,"column":46},"end":{"line":105,"column":85}},{"start":{"line":105,"column":88},"end":{"line":105,"column":99}}]},"9":{"loc":{"start":{"line":106,"column":22},"end":{"line":106,"column":92}},"type":"cond-expr","locations":[{"start":{"line":106,"column":42},"end":{"line":106,"column":79}},{"start":{"line":106,"column":82},"end":{"line":106,"column":92}}]},"10":{"loc":{"start":{"line":120,"column":35},"end":{"line":120,"column":114}},"type":"cond-expr","locations":[{"start":{"line":120,"column":78},"end":{"line":120,"column":109}},{"start":{"line":120,"column":112},"end":{"line":120,"column":114}}]},"11":{"loc":{"start":{"line":121,"column":24},"end":{"line":121,"column":99}},"type":"cond-expr","locations":[{"start":{"line":121,"column":46},"end":{"line":121,"column":85}},{"start":{"line":121,"column":88},"end":{"line":121,"column":99}}]},"12":{"loc":{"start":{"line":122,"column":22},"end":{"line":122,"column":92}},"type":"cond-expr","locations":[{"start":{"line":122,"column":42},"end":{"line":122,"column":79}},{"start":{"line":122,"column":82},"end":{"line":122,"column":92}}]},"13":{"loc":{"start":{"line":141,"column":35},"end":{"line":141,"column":114}},"type":"cond-expr","locations":[{"start":{"line":141,"column":78},"end":{"line":141,"column":109}},{"start":{"line":141,"column":112},"end":{"line":141,"column":114}}]},"14":{"loc":{"start":{"line":142,"column":24},"end":{"line":142,"column":99}},"type":"cond-expr","locations":[{"start":{"line":142,"column":46},"end":{"line":142,"column":85}},{"start":{"line":142,"column":88},"end":{"line":142,"column":99}}]},"15":{"loc":{"start":{"line":143,"column":22},"end":{"line":143,"column":92}},"type":"cond-expr","locations":[{"start":{"line":143,"column":42},"end":{"line":143,"column":79}},{"start":{"line":143,"column":82},"end":{"line":143,"column":92}}]}},"s":{"0":1,"1":1,"2":1,"3":1,"4":1,"5":1,"6":1,"7":1,"8":0,"9":0,"10":0,"11":0,"12":0,"13":0,"14":0,"15":0,"16":1,"17":0,"18":0,"19":0,"20":0,"21":0,"22":1,"23":0,"24":0,"25":0,"26":0,"27":0,"28":0,"29":1,"30":0,"31":0,"32":0,"33":0,"34":0,"35":1,"36":0,"37":0,"38":0,"39":0,"40":0,"41":0,"42":1,"43":0,"44":0,"45":0,"46":0,"47":0,"48":0,"49":0,"50":0,"51":0,"52":1,"53":0,"54":0,"55":0,"56":0,"57":0,"58":0,"59":1},"f":{"0":0,"1":0,"2":0,"3":0,"4":0,"5":0,"6":0,"7":0,"8":0},"b":{"0":[0],"1":[0,0],"2":[0,0],"3":[0,0],"4":[0,0],"5":[0,0],"6":[0,0],"7":[0,0],"8":[0,0],"9":[0,0],"10":[0,0],"11":[0,0],"12":[0,0],"13":[0,0],"14":[0,0],"15":[0,0]}}
,"C:\\Users\\franc\\Desktop\\Scuola\\Poli\\Magistrale\\Software engineering\\Project-repo2\\geocontrol\\src\\routes\\networkRoutes.ts": {"path":"C:\\Users\\franc\\Desktop\\Scuola\\Poli\\Magistrale\\Software engineering\\Project-repo2\\geocontrol\\src\\routes\\networkRoutes.ts","statementMap":{"0":{"start":{"line":1,"column":0},"end":{"line":1,"column":47}},"1":{"start":{"line":2,"column":0},"end":{"line":2,"column":33}},"2":{"start":{"line":3,"column":0},"end":{"line":3,"column":63}},"3":{"start":{"line":4,"column":0},"end":{"line":4,"column":44}},"4":{"start":{"line":5,"column":0},"end":{"line":5,"column":null}},"5":{"start":{"line":12,"column":0},"end":{"line":12,"column":63}},"6":{"start":{"line":27,"column":15},"end":{"line":27,"column":23}},"7":{"start":{"line":30,"column":0},"end":{"line":37,"column":3}},"8":{"start":{"line":31,"column":2},"end":{"line":36,"column":3}},"9":{"start":{"line":32,"column":4},"end":{"line":32,"column":null}},"10":{"start":{"line":35,"column":4},"end":{"line":35,"column":null}},"11":{"start":{"line":40,"column":0},"end":{"line":60,"column":2}},"12":{"start":{"line":44,"column":4},"end":{"line":58,"column":5}},"13":{"start":{"line":45,"column":21},"end":{"line":45,"column":46}},"14":{"start":{"line":48,"column":6},"end":{"line":50,"column":7}},"15":{"start":{"line":49,"column":8},"end":{"line":49,"column":83}},"16":{"start":{"line":52,"column":6},"end":{"line":52,"column":34}},"17":{"start":{"line":53,"column":6},"end":{"line":53,"column":72}},"18":{"start":{"line":57,"column":6},"end":{"line":57,"column":18}},"19":{"start":{"line":63,"column":0},"end":{"line":69,"column":3}},"20":{"start":{"line":64,"column":2},"end":{"line":68,"column":3}},"21":{"start":{"line":65,"column":4},"end":{"line":65,"column":73}},"22":{"start":{"line":67,"column":4},"end":{"line":67,"column":17}},"23":{"start":{"line":72,"column":0},"end":{"line":93,"column":2}},"24":{"start":{"line":76,"column":4},"end":{"line":91,"column":5}},"25":{"start":{"line":77,"column":76},"end":{"line":77,"column":84}},"26":{"start":{"line":78,"column":26},"end":{"line":78,"column":48}},"27":{"start":{"line":81,"column":6},"end":{"line":83,"column":7}},"28":{"start":{"line":82,"column":8},"end":{"line":82,"column":54}},"29":{"start":{"line":85,"column":6},"end":{"line":85,"column":73}},"30":{"start":{"line":88,"column":6},"end":{"line":88,"column":29}},"31":{"start":{"line":90,"column":6},"end":{"line":90,"column":18}},"32":{"start":{"line":97,"column":0},"end":{"line":108,"column":2}},"33":{"start":{"line":101,"column":4},"end":{"line":106,"column":5}},"34":{"start":{"line":102,"column":6},"end":{"line":102,"column":50}},"35":{"start":{"line":103,"column":6},"end":{"line":103,"column":26}},"36":{"start":{"line":105,"column":6},"end":{"line":105,"column":18}},"37":{"start":{"line":112,"column":0},"end":{"line":115,"column":3}},"38":{"start":{"line":113,"column":2},"end":{"line":113,"column":31}},"39":{"start":{"line":114,"column":2},"end":{"line":114,"column":56}},"40":{"start":{"line":117,"column":0},"end":{"line":120,"column":3}},"41":{"start":{"line":118,"column":2},"end":{"line":118,"column":39}},"42":{"start":{"line":119,"column":2},"end":{"line":119,"column":56}},"43":{"start":{"line":124,"column":0},"end":{"line":124,"column":22}}},"fnMap":{"0":{"name":"(anonymous_1)","decl":{"start":{"line":30,"column":87},"end":{"line":30,"column":92}},"loc":{"start":{"line":30,"column":112},"end":{"line":37,"column":1}}},"1":{"name":"(anonymous_2)","decl":{"start":{"line":43,"column":2},"end":{"line":43,"column":7}},"loc":{"start":{"line":43,"column":27},"end":{"line":59,"column":3}}},"2":{"name":"(anonymous_3)","decl":{"start":{"line":63,"column":118},"end":{"line":63,"column":123}},"loc":{"start":{"line":63,"column":143},"end":{"line":69,"column":1}}},"3":{"name":"(anonymous_4)","decl":{"start":{"line":75,"column":2},"end":{"line":75,"column":7}},"loc":{"start":{"line":75,"column":27},"end":{"line":92,"column":3}}},"4":{"name":"(anonymous_5)","decl":{"start":{"line":100,"column":2},"end":{"line":100,"column":7}},"loc":{"start":{"line":100,"column":27},"end":{"line":107,"column":3}}},"5":{"name":"(anonymous_6)","decl":{"start":{"line":112,"column":16},"end":{"line":112,"column":17}},"loc":{"start":{"line":112,"column":29},"end":{"line":115,"column":1}}},"6":{"name":"(anonymous_7)","decl":{"start":{"line":117,"column":27},"end":{"line":117,"column":28}},"loc":{"start":{"line":117,"column":40},"end":{"line":120,"column":1}}}},"branchMap":{"0":{"loc":{"start":{"line":48,"column":6},"end":{"line":50,"column":7}},"type":"if","locations":[{"start":{"line":48,"column":6},"end":{"line":50,"column":7}}]},"1":{"loc":{"start":{"line":48,"column":10},"end":{"line":48,"column":49}},"type":"binary-expr","locations":[{"start":{"line":48,"column":10},"end":{"line":48,"column":17}},{"start":{"line":48,"column":21},"end":{"line":48,"column":33}},{"start":{"line":48,"column":37},"end":{"line":48,"column":49}}]},"2":{"loc":{"start":{"line":81,"column":6},"end":{"line":83,"column":7}},"type":"if","locations":[{"start":{"line":81,"column":6},"end":{"line":83,"column":7}}]},"3":{"loc":{"start":{"line":81,"column":10},"end":{"line":81,"column":49}},"type":"binary-expr","locations":[{"start":{"line":81,"column":10},"end":{"line":81,"column":18}},{"start":{"line":81,"column":22},"end":{"line":81,"column":30}},{"start":{"line":81,"column":34},"end":{"line":81,"column":49}}]}},"s":{"0":1,"1":1,"2":1,"3":1,"4":1,"5":1,"6":1,"7":1,"8":0,"9":0,"10":0,"11":1,"12":1,"13":1,"14":1,"15":0,"16":1,"17":1,"18":0,"19":1,"20":0,"21":0,"22":0,"23":1,"24":0,"25":0,"26":0,"27":0,"28":0,"29":0,"30":0,"31":0,"32":1,"33":0,"34":0,"35":0,"36":0,"37":1,"38":0,"39":0,"40":1,"41":0,"42":0,"43":1},"f":{"0":0,"1":1,"2":0,"3":0,"4":0,"5":0,"6":0},"b":{"0":[0],"1":[1,1,1],"2":[0],"3":[0,0,0]}}
,"C:\\Users\\franc\\Desktop\\Scuola\\Poli\\Magistrale\\Software engineering\\Project-repo2\\geocontrol\\src\\routes\\sensorRoutes.ts": {"path":"C:\\Users\\franc\\Desktop\\Scuola\\Poli\\Magistrale\\Software engineering\\Project-repo2\\geocontrol\\src\\routes\\sensorRoutes.ts","statementMap":{"0":{"start":{"line":1,"column":0},"end":{"line":1,"column":33}},"1":{"start":{"line":3,"column":0},"end":{"line":3,"column":63}},"2":{"start":{"line":4,"column":0},"end":{"line":4,"column":44}},"3":{"start":{"line":5,"column":0},"end":{"line":5,"column":null}},"4":{"start":{"line":12,"column":0},"end":{"line":12,"column":52}},"5":{"start":{"line":14,"column":15},"end":{"line":14,"column":44}},"6":{"start":{"line":20,"column":0},"end":{"line":32,"column":2}},"7":{"start":{"line":24,"column":4},"end":{"line":30,"column":5}},"8":{"start":{"line":25,"column":29},"end":{"line":25,"column":39}},"9":{"start":{"line":26,"column":22},"end":{"line":26,"column":53}},"10":{"start":{"line":27,"column":6},"end":{"line":27,"column":36}},"11":{"start":{"line":29,"column":6},"end":{"line":29,"column":18}},"12":{"start":{"line":38,"column":0},"end":{"line":51,"column":2}},"13":{"start":{"line":42,"column":4},"end":{"line":49,"column":5}},"14":{"start":{"line":43,"column":42},"end":{"line":43,"column":52}},"15":{"start":{"line":44,"column":24},"end":{"line":44,"column":48}},"16":{"start":{"line":45,"column":6},"end":{"line":45,"column":61}},"17":{"start":{"line":46,"column":6},"end":{"line":46,"column":29}},"18":{"start":{"line":48,"column":6},"end":{"line":48,"column":18}},"19":{"start":{"line":57,"column":0},"end":{"line":69,"column":2}},"20":{"start":{"line":61,"column":4},"end":{"line":67,"column":5}},"21":{"start":{"line":62,"column":28},"end":{"line":62,"column":38}},"22":{"start":{"line":63,"column":21},"end":{"line":63,"column":59}},"23":{"start":{"line":64,"column":6},"end":{"line":64,"column":35}},"24":{"start":{"line":66,"column":6},"end":{"line":66,"column":18}},"25":{"start":{"line":75,"column":0},"end":{"line":88,"column":2}},"26":{"start":{"line":79,"column":4},"end":{"line":86,"column":5}},"27":{"start":{"line":80,"column":28},"end":{"line":80,"column":38}},"28":{"start":{"line":81,"column":24},"end":{"line":81,"column":48}},"29":{"start":{"line":82,"column":6},"end":{"line":82,"column":47}},"30":{"start":{"line":83,"column":6},"end":{"line":83,"column":29}},"31":{"start":{"line":85,"column":6},"end":{"line":85,"column":18}},"32":{"start":{"line":94,"column":0},"end":{"line":106,"column":2}},"33":{"start":{"line":98,"column":4},"end":{"line":104,"column":5}},"34":{"start":{"line":99,"column":28},"end":{"line":99,"column":38}},"35":{"start":{"line":100,"column":6},"end":{"line":100,"column":36}},"36":{"start":{"line":101,"column":6},"end":{"line":101,"column":29}},"37":{"start":{"line":103,"column":6},"end":{"line":103,"column":18}},"38":{"start":{"line":108,"column":0},"end":{"line":108,"column":22}}},"fnMap":{"0":{"name":"(anonymous_0)","decl":{"start":{"line":23,"column":2},"end":{"line":23,"column":7}},"loc":{"start":{"line":23,"column":27},"end":{"line":31,"column":3}}},"1":{"name":"(anonymous_1)","decl":{"start":{"line":41,"column":2},"end":{"line":41,"column":7}},"loc":{"start":{"line":41,"column":27},"end":{"line":50,"column":3}}},"2":{"name":"(anonymous_2)","decl":{"start":{"line":60,"column":2},"end":{"line":60,"column":7}},"loc":{"start":{"line":60,"column":27},"end":{"line":68,"column":3}}},"3":{"name":"(anonymous_3)","decl":{"start":{"line":78,"column":2},"end":{"line":78,"column":7}},"loc":{"start":{"line":78,"column":27},"end":{"line":87,"column":3}}},"4":{"name":"(anonymous_4)","decl":{"start":{"line":97,"column":2},"end":{"line":97,"column":7}},"loc":{"start":{"line":97,"column":27},"end":{"line":105,"column":3}}}},"branchMap":{},"s":{"0":1,"1":1,"2":1,"3":1,"4":1,"5":1,"6":1,"7":0,"8":0,"9":0,"10":0,"11":0,"12":1,"13":0,"14":0,"15":0,"16":0,"17":0,"18":0,"19":1,"20":0,"21":0,"22":0,"23":0,"24":0,"25":1,"26":0,"27":0,"28":0,"29":0,"30":0,"31":0,"32":1,"33":0,"34":0,"35":0,"36":0,"37":0,"38":1},"f":{"0":0,"1":0,"2":0,"3":0,"4":0},"b":{}}
[...]
,"C:\\Users\\franc\\Desktop\\Scuola\\Poli\\Magistrale\\Software engineering\\Project-repo2\\geocontrol\\src\\services\\authService.ts": {"path":"C:\\Users\\franc\\Desktop\\Scuola\\Poli\\Magistrale\\Software engineering\\Project-repo2\\geocontrol\\src\\services\\authService.ts","statementMap":{"0":{"start":{"line":11,"column":0},"end":{"line":11,"column":16}},"1":{"start":{"line":15,"column":0},"end":{"line":15,"column":7}},"2":{"start":{"line":1,"column":0},"end":{"line":1,"column":31}},"3":{"start":{"line":2,"column":0},"end":{"line":2,"column":53}},"4":{"start":{"line":5,"column":0},"end":{"line":5,"column":62}},"5":{"start":{"line":7,"column":0},"end":{"line":7,"column":47}},"6":{"start":{"line":8,"column":0},"end":{"line":8,"column":81}},"7":{"start":{"line":9,"column":0},"end":{"line":9,"column":69}},"8":{"start":{"line":12,"column":2},"end":{"line":12,"column":67}},"9":{"start":{"line":19,"column":24},"end":{"line":19,"column":47}},"10":{"start":{"line":20,"column":19},"end":{"line":20,"column":39}},"11":{"start":{"line":22,"column":2},"end":{"line":28,"column":3}},"12":{"start":{"line":23,"column":4},"end":{"line":23,"column":62}},"13":{"start":{"line":25,"column":4},"end":{"line":27,"column":6}},"14":{"start":{"line":30,"column":2},"end":{"line":32,"column":3}},"15":{"start":{"line":31,"column":4},"end":{"line":31,"column":72}},"16":{"start":{"line":36,"column":2},"end":{"line":42,"column":3}},"17":{"start":{"line":37,"column":4},"end":{"line":37,"column":77}},"18":{"start":{"line":39,"column":4},"end":{"line":41,"column":64}},"19":{"start":{"line":46,"column":2},"end":{"line":48,"column":3}},"20":{"start":{"line":47,"column":4},"end":{"line":47,"column":67}},"21":{"start":{"line":50,"column":16},"end":{"line":50,"column":37}},"22":{"start":{"line":51,"column":2},"end":{"line":53,"column":3}},"23":{"start":{"line":52,"column":4},"end":{"line":52,"column":70}},"24":{"start":{"line":55,"column":2},"end":{"line":55,"column":18}}},"fnMap":{"0":{"name":"generateToken","decl":{"start":{"line":11,"column":16},"end":{"line":11,"column":29}},"loc":{"start":{"line":11,"column":43},"end":{"line":13,"column":1}}},"1":{"name":"processToken","decl":{"start":{"line":15,"column":22},"end":{"line":15,"column":34}},"loc":{"start":{"line":17,"column":31},"end":{"line":33,"column":1}}},"2":{"name":"verifyToken","decl":{"start":{"line":35,"column":9},"end":{"line":35,"column":20}},"loc":{"start":{"line":35,"column":40},"end":{"line":43,"column":1}}},"3":{"name":"extractBearerToken","decl":{"start":{"line":45,"column":9},"end":{"line":45,"column":27}},"loc":{"start":{"line":45,"column":47},"end":{"line":56,"column":1}}}},"branchMap":{"0":{"loc":{"start":{"line":17,"column":2},"end":{"line":17,"column":31}},"type":"default-arg","locations":[{"start":{"line":17,"column":29},"end":{"line":17,"column":31}}]},"1":{"loc":{"start":{"line":30,"column":2},"end":{"line":32,"column":3}},"type":"if","locations":[{"start":{"line":30,"column":2},"end":{"line":32,"column":3}}]},"2":{"loc":{"start":{"line":30,"column":6},"end":{"line":30,"column":69}},"type":"binary-expr","locations":[{"start":{"line":30,"column":6},"end":{"line":30,"column":29}},{"start":{"line":30,"column":33},"end":{"line":30,"column":69}}]},"3":{"loc":{"start":{"line":39,"column":10},"end":{"line":41,"column":63}},"type":"cond-expr","locations":[{"start":{"line":40,"column":8},"end":{"line":40,"column":13}},{"start":{"line":41,"column":8},"end":{"line":41,"column":63}}]},"4":{"loc":{"start":{"line":46,"column":2},"end":{"line":48,"column":3}},"type":"if","locations":[{"start":{"line":46,"column":2},"end":{"line":48,"column":3}}]},"5":{"loc":{"start":{"line":51,"column":2},"end":{"line":53,"column":3}},"type":"if","locations":[{"start":{"line":51,"column":2},"end":{"line":53,"column":3}}]},"6":{"loc":{"start":{"line":51,"column":6},"end":{"line":51,"column":49}},"type":"binary-expr","locations":[{"start":{"line":51,"column":6},"end":{"line":51,"column":24}},{"start":{"line":51,"column":28},"end":{"line":51,"column":49}}]}},"s":{"0":1,"1":1,"2":1,"3":1,"4":1,"5":1,"6":1,"7":1,"8":2,"9":6,"10":6,"11":6,"12":6,"13":0,"14":6,"15":1,"16":6,"17":6,"18":0,"19":6,"20":0,"21":6,"22":6,"23":0,"24":6},"f":{"0":2,"1":6,"2":6,"3":6},"b":{"0":[0],"1":[1],"2":[6,6],"3":[0,0],"4":[0],"5":[0],"6":[6,6]}}
,"C:\\Users\\franc\\Desktop\\Scuola\\Poli\\Magistrale\\Software engineering\\Project-repo2\\geocontrol\\src\\services\\errorService.ts": {"path":"C:\\Users\\franc\\Desktop\\Scuola\\Poli\\Magistrale\\Software engineering\\Project-repo2\\geocontrol\\src\\services\\errorService.ts","statementMap":{"0":{"start":{"line":6,"column":0},"end":{"line":6,"column":16}},"1":{"start":{"line":2,"column":0},"end":{"line":2,"column":44}},"2":{"start":{"line":3,"column":0},"end":{"line":3,"column":52}},"3":{"start":{"line":4,"column":0},"end":{"line":4,"column":57}},"4":{"start":{"line":7,"column":29},"end":{"line":10,"column":null}},"5":{"start":{"line":13,"column":2},"end":{"line":13,"column":16}},"6":{"start":{"line":14,"column":2},"end":{"line":16,"column":4}},"7":{"start":{"line":18,"column":2},"end":{"line":23,"column":3}},"8":{"start":{"line":22,"column":4},"end":{"line":22,"column":67}},"9":{"start":{"line":25,"column":2},"end":{"line":25,"column":20}}},"fnMap":{"0":{"name":"createAppError","decl":{"start":{"line":6,"column":16},"end":{"line":6,"column":30}},"loc":{"start":{"line":6,"column":39},"end":{"line":26,"column":1}}}},"branchMap":{"0":{"loc":{"start":{"line":9,"column":4},"end":{"line":9,"column":43}},"type":"binary-expr","locations":[{"start":{"line":9,"column":4},"end":{"line":9,"column":16}},{"start":{"line":9,"column":20},"end":{"line":9,"column":43}}]},"1":{"loc":{"start":{"line":15,"column":44},"end":{"line":15,"column":83}},"type":"binary-expr","locations":[{"start":{"line":15,"column":44},"end":{"line":15,"column":54}},{"start":{"line":15,"column":58},"end":{"line":15,"column":83}}]},"2":{"loc":{"start":{"line":18,"column":2},"end":{"line":23,"column":3}},"type":"if","locations":[{"start":{"line":18,"column":2},"end":{"line":23,"column":3}}]},"3":{"loc":{"start":{"line":19,"column":4},"end":{"line":20,"column":50}},"type":"binary-expr","locations":[{"start":{"line":19,"column":4},"end":{"line":19,"column":27}},{"start":{"line":20,"column":5},"end":{"line":20,"column":15}},{"start":{"line":20,"column":19},"end":{"line":20,"column":49}}]}},"s":{"0":1,"1":1,"2":1,"3":1,"4":1,"5":1,"6":1,"7":1,"8":1,"9":1},"f":{"0":1},"b":{"0":[1,0],"1":[1,0],"2":[1],"3":[1,0,0]}}
,"C:\\Users\\franc\\Desktop\\Scuola\\Poli\\Magistrale\\Software engineering\\Project-repo2\\geocontrol\\src\\services\\mapperService.ts": {"path":"C:\\Users\\franc\\Desktop\\Scuola\\Poli\\Magistrale\\Software engineering\\Project-repo2\\geocontrol\\src\\services\\mapperService.ts","statementMap":{"0":{"start":{"line":17,"column":0},"end":{"line":17,"column":16}},"1":{"start":{"line":29,"column":0},"end":{"line":29,"column":16}},"2":{"start":{"line":35,"column":0},"end":{"line":35,"column":16}},"3":{"start":{"line":47,"column":0},"end":{"line":47,"column":16}},"4":{"start":{"line":51,"column":0},"end":{"line":51,"column":16}},"5":{"start":{"line":65,"column":0},"end":{"line":65,"column":16}},"6":{"start":{"line":69,"column":0},"end":{"line":69,"column":16}},"7":{"start":{"line":83,"column":0},"end":{"line":83,"column":16}},"8":{"start":{"line":87,"column":0},"end":{"line":87,"column":16}},"9":{"start":{"line":103,"column":0},"end":{"line":103,"column":16}},"10":{"start":{"line":107,"column":0},"end":{"line":107,"column":16}},"11":{"start":{"line":119,"column":0},"end":{"line":119,"column":16}},"12":{"start":{"line":123,"column":0},"end":{"line":123,"column":16}},"13":{"start":{"line":141,"column":0},"end":{"line":141,"column":16}},"14":{"start":{"line":178,"column":0},"end":{"line":178,"column":16}},"15":{"start":{"line":190,"column":0},"end":{"line":190,"column":16}},"16":{"start":{"line":201,"column":0},"end":{"line":201,"column":16}},"17":{"start":{"line":22,"column":2},"end":{"line":26,"column":17}},"18":{"start":{"line":30,"column":2},"end":{"line":32,"column":17}},"19":{"start":{"line":40,"column":2},"end":{"line":44,"column":16}},"20":{"start":{"line":48,"column":2},"end":{"line":48,"column":55}},"21":{"start":{"line":57,"column":2},"end":{"line":62,"column":null}},"22":{"start":{"line":66,"column":2},"end":{"line":66,"column":94}},"23":{"start":{"line":75,"column":2},"end":{"line":80,"column":null}},"24":{"start":{"line":84,"column":2},"end":{"line":84,"column":null}},"25":{"start":{"line":94,"column":2},"end":{"line":100,"column":null}},"26":{"start":{"line":104,"column":2},"end":{"line":104,"column":124}},"27":{"start":{"line":112,"column":2},"end":{"line":116,"column":null}},"28":{"start":{"line":120,"column":2},"end":{"line":120,"column":null}},"29":{"start":{"line":131,"column":2},"end":{"line":138,"column":null}},"30":{"start":{"line":142,"column":15},"end":{"line":144,"column":5}},"31":{"start":{"line":143,"column":49},"end":{"line":143,"column":72}},"32":{"start":{"line":146,"column":19},"end":{"line":148,"column":7}},"33":{"start":{"line":147,"column":50},"end":{"line":147,"column":93}},"34":{"start":{"line":152,"column":2},"end":{"line":159,"column":3}},"35":{"start":{"line":153,"column":4},"end":{"line":153,"column":52}},"36":{"start":{"line":154,"column":4},"end":{"line":154,"column":null}},"37":{"start":{"line":157,"column":4},"end":{"line":157,"column":23}},"38":{"start":{"line":158,"column":4},"end":{"line":158,"column":null}},"39":{"start":{"line":161,"column":2},"end":{"line":166,"column":null}},"40":{"start":{"line":162,"column":4},"end":{"line":165,"column":null}},"41":{"start":{"line":163,"column":6},"end":{"line":163,"column":41}},"42":{"start":{"line":165,"column":6},"end":{"line":165,"column":null}},"43":{"start":{"line":168,"column":4},"end":{"line":175,"column":6}},"44":{"start":{"line":183,"column":2},"end":{"line":187,"column":null}},"45":{"start":{"line":191,"column":16},"end":{"line":191,"column":79}},"46":{"start":{"line":192,"column":2},"end":{"line":197,"column":null}},"47":{"start":{"line":193,"column":4},"end":{"line":196,"column":null}},"48":{"start":{"line":194,"column":6},"end":{"line":194,"column":35}},"49":{"start":{"line":196,"column":6},"end":{"line":196,"column":null}},"50":{"start":{"line":198,"column":2},"end":{"line":198,"column":100}},"51":{"start":{"line":202,"column":16},"end":{"line":202,"column":79}},"52":{"start":{"line":203,"column":2},"end":{"line":208,"column":null}},"53":{"start":{"line":204,"column":4},"end":{"line":207,"column":null}},"54":{"start":{"line":205,"column":6},"end":{"line":205,"column":35}},"55":{"start":{"line":207,"column":6},"end":{"line":207,"column":null}},"56":{"start":{"line":209,"column":30},"end":{"line":209,"column":91}},"57":{"start":{"line":209,"column":69},"end":{"line":209,"column":90}},"58":{"start":{"line":210,"column":2},"end":{"line":210,"column":null}},"59":{"start":{"line":214,"column":2},"end":{"line":221,"column":18}},"60":{"start":{"line":217,"column":8},"end":{"line":219,"column":51}}},"fnMap":{"0":{"name":"createErrorDTO","decl":{"start":{"line":17,"column":16},"end":{"line":17,"column":30}},"loc":{"start":{"line":20,"column":15},"end":{"line":27,"column":1}}},"1":{"name":"createTokenDTO","decl":{"start":{"line":29,"column":16},"end":{"line":29,"column":30}},"loc":{"start":{"line":29,"column":44},"end":{"line":33,"column":1}}},"2":{"name":"createUserDTO","decl":{"start":{"line":35,"column":16},"end":{"line":35,"column":29}},"loc":{"start":{"line":38,"column":19},"end":{"line":45,"column":1}}},"3":{"name":"mapUserDAOToDTO","decl":{"start":{"line":47,"column":16},"end":{"line":47,"column":31}},"loc":{"start":{"line":47,"column":48},"end":{"line":49,"column":1}}},"4":{"name":"createNetworkDTO","decl":{"start":{"line":51,"column":16},"end":{"line":51,"column":32}},"loc":{"start":{"line":55,"column":24},"end":{"line":63,"column":1}}},"5":{"name":"mapNetworkDAOToDTO","decl":{"start":{"line":65,"column":16},"end":{"line":65,"column":34}},"loc":{"start":{"line":65,"column":81},"end":{"line":67,"column":1}}},"6":{"name":"createGatewayDTO","decl":{"start":{"line":69,"column":16},"end":{"line":69,"column":32}},"loc":{"start":{"line":73,"column":22},"end":{"line":81,"column":1}}},"7":{"name":"mapGatewayDAOToDTO","decl":{"start":{"line":83,"column":16},"end":{"line":83,"column":34}},"loc":{"start":{"line":83,"column":79},"end":{"line":85,"column":1}}},"8":{"name":"createSensorDTO","decl":{"start":{"line":87,"column":16},"end":{"line":87,"column":31}},"loc":{"start":{"line":92,"column":14},"end":{"line":101,"column":1}}},"9":{"name":"mapSensorDAOToDTO","decl":{"start":{"line":103,"column":16},"end":{"line":103,"column":33}},"loc":{"start":{"line":103,"column":54},"end":{"line":105,"column":1}}},"10":{"name":"createMeasurementDTO","decl":{"start":{"line":107,"column":16},"end":{"line":107,"column":36}},"loc":{"start":{"line":110,"column":11},"end":{"line":117,"column":1}}},"11":{"name":"mapMeasurementDAOToDTO","decl":{"start":{"line":119,"column":16},"end":{"line":119,"column":38}},"loc":{"start":{"line":119,"column":69},"end":{"line":121,"column":1}}},"12":{"name":"createStatsDTO","decl":{"start":{"line":123,"column":16},"end":{"line":123,"column":30}},"loc":{"start":{"line":129,"column":16},"end":{"line":139,"column":1}}},"13":{"name":"mapMeasurementDAOToStatsDTO","decl":{"start":{"line":141,"column":16},"end":{"line":141,"column":43}},"loc":{"start":{"line":141,"column":111},"end":{"line":176,"column":1}}},"14":{"name":"(anonymous_14)","decl":{"start":{"line":143,"column":27},"end":{"line":143,"column":28}},"loc":{"start":{"line":143,"column":49},"end":{"line":143,"column":72}}},"15":{"name":"(anonymous_15)","decl":{"start":{"line":147,"column":28},"end":{"line":147,"column":29}},"loc":{"start":{"line":147,"column":50},"end":{"line":147,"column":93}}},"16":{"name":"(anonymous_16)","decl":{"start":{"line":161,"column":25},"end":{"line":161,"column":26}},"loc":{"start":{"line":161,"column":47},"end":{"line":166,"column":3}}},"17":{"name":"createMeasurementsDTO","decl":{"start":{"line":178,"column":16},"end":{"line":178,"column":37}},"loc":{"start":{"line":181,"column":14},"end":{"line":188,"column":1}}},"18":{"name":"mapMeasurementDAOToMeasurementsDTO","decl":{"start":{"line":190,"column":16},"end":{"line":190,"column":50}},"loc":{"start":{"line":190,"column":142},"end":{"line":199,"column":1}}},"19":{"name":"(anonymous_19)","decl":{"start":{"line":192,"column":25},"end":{"line":192,"column":26}},"loc":{"start":{"line":192,"column":41},"end":{"line":197,"column":3}}},"20":{"name":"mapMeasurementDAOToOnlyOutlierMeasurementsDTO","decl":{"start":{"line":201,"column":16},"end":{"line":201,"column":61}},"loc":{"start":{"line":201,"column":153},"end":{"line":211,"column":1}}},"21":{"name":"(anonymous_21)","decl":{"start":{"line":203,"column":25},"end":{"line":203,"column":26}},"loc":{"start":{"line":203,"column":41},"end":{"line":208,"column":3}}},"22":{"name":"(anonymous_22)","decl":{"start":{"line":209,"column":52},"end":{"line":209,"column":53}},"loc":{"start":{"line":209,"column":69},"end":{"line":209,"column":90}}},"23":{"name":"removeNullAttributes","decl":{"start":{"line":213,"column":9},"end":{"line":213,"column":29}},"loc":{"start":{"line":213,"column":39},"end":{"line":222,"column":1}}},"24":{"name":"(anonymous_24)","decl":{"start":{"line":216,"column":6},"end":{"line":216,"column":7}},"loc":{"start":{"line":217,"column":8},"end":{"line":219,"column":51}}}},"branchMap":{"0":{"loc":{"start":{"line":142,"column":15},"end":{"line":144,"column":5}},"type":"cond-expr","locations":[{"start":{"line":143,"column":5},"end":{"line":143,"column":100}},{"start":{"line":144,"column":4},"end":{"line":144,"column":5}}]},"1":{"loc":{"start":{"line":146,"column":19},"end":{"line":148,"column":7}},"type":"cond-expr","locations":[{"start":{"line":147,"column":6},"end":{"line":147,"column":123}},{"start":{"line":148,"column":6},"end":{"line":148,"column":7}}]},"2":{"loc":{"start":{"line":152,"column":2},"end":{"line":159,"column":3}},"type":"if","locations":[{"start":{"line":152,"column":2},"end":{"line":159,"column":3}},{"start":{"line":156,"column":7},"end":{"line":159,"column":3}}]},"3":{"loc":{"start":{"line":162,"column":4},"end":{"line":165,"column":null}},"type":"if","locations":[{"start":{"line":162,"column":4},"end":{"line":165,"column":null}},{"start":{"line":165,"column":6},"end":{"line":165,"column":null}}]},"4":{"loc":{"start":{"line":162,"column":8},"end":{"line":162,"column":92}},"type":"binary-expr","locations":[{"start":{"line":162,"column":8},"end":{"line":162,"column":48}},{"start":{"line":162,"column":52},"end":{"line":162,"column":92}}]},"5":{"loc":{"start":{"line":193,"column":4},"end":{"line":196,"column":null}},"type":"if","locations":[{"start":{"line":193,"column":4},"end":{"line":196,"column":null}},{"start":{"line":196,"column":6},"end":{"line":196,"column":null}}]},"6":{"loc":{"start":{"line":193,"column":8},"end":{"line":193,"column":92}},"type":"binary-expr","locations":[{"start":{"line":193,"column":8},"end":{"line":193,"column":48}},{"start":{"line":193,"column":52},"end":{"line":193,"column":92}}]},"7":{"loc":{"start":{"line":204,"column":4},"end":{"line":207,"column":null}},"type":"if","locations":[{"start":{"line":204,"column":4},"end":{"line":207,"column":null}},{"start":{"line":207,"column":6},"end":{"line":207,"column":null}}]},"8":{"loc":{"start":{"line":204,"column":8},"end":{"line":204,"column":92}},"type":"binary-expr","locations":[{"start":{"line":204,"column":8},"end":{"line":204,"column":48}},{"start":{"line":204,"column":52},"end":{"line":204,"column":92}}]},"9":{"loc":{"start":{"line":217,"column":8},"end":{"line":219,"column":51}},"type":"binary-expr","locations":[{"start":{"line":217,"column":8},"end":{"line":217,"column":22}},{"start":{"line":218,"column":8},"end":{"line":218,"column":27}},{"start":{"line":219,"column":9},"end":{"line":219,"column":30}},{"start":{"line":219,"column":34},"end":{"line":219,"column":50}}]}},"s":{"0":1,"1":1,"2":1,"3":1,"4":1,"5":1,"6":1,"7":1,"8":1,"9":1,"10":1,"11":1,"12":1,"13":1,"14":1,"15":1,"16":1,"17":2,"18":0,"19":0,"20":0,"21":0,"22":0,"23":3,"24":3,"25":0,"26":0,"27":0,"28":0,"29":0,"30":0,"31":0,"32":0,"33":0,"34":0,"35":0,"36":0,"37":0,"38":0,"39":0,"40":0,"41":0,"42":0,"43":0,"44":0,"45":0,"46":0,"47":0,"48":0,"49":0,"50":0,"51":0,"52":0,"53":0,"54":0,"55":0,"56":0,"57":0,"58":0,"59":5,"60":18},"f":{"0":2,"1":0,"2":0,"3":0,"4":0,"5":0,"6":3,"7":3,"8":0,"9":0,"10":0,"11":0,"12":0,"13":0,"14":0,"15":0,"16":0,"17":0,"18":0,"19":0,"20":0,"21":0,"22":0,"23":5,"24":18},"b":{"0":[0,0],"1":[0,0],"2":[0,0],"3":[0,0],"4":[0,0],"5":[0,0],"6":[0,0],"7":[0,0],"8":[0,0],"9":[18,18,18,3]}}
}
