TN:
SF:src\app.ts
FNF:0
FNH:0
DA:1,1
DA:2,1
DA:3,1
DA:4,1
DA:5,1
DA:6,1
DA:7,1
DA:8,1
DA:9,1
DA:10,1
DA:11,1
DA:12,1
DA:14,1
DA:16,1
DA:17,1
DA:19,1
DA:25,1
DA:26,1
DA:27,1
DA:28,1
DA:29,1
DA:30,1
DA:33,1
LF:23
LH:23
BRF:0
BRH:0
end_of_record
TN:
SF:src\utils.ts
FN:5,findOrThrowNotFound
FN:17,throwConflictIfFound
FN:27,parseISODateParamToUTC
FN:34,parseStringArrayParam
FN:37,(anonymous_4)
FN:40,(anonymous_5)
FN:41,(anonymous_6)
FN:47,(anonymous_7)
FN:48,(anonymous_8)
FNF:9
FNH:2
FNDA:11,findOrThrowNotFound
FNDA:6,throwConflictIfFound
FNDA:0,parseISODateParamToUTC
FNDA:0,parseStringArrayParam
FNDA:0,(anonymous_4)
FNDA:0,(anonymous_5)
FNDA:0,(anonymous_6)
FNDA:0,(anonymous_7)
FNDA:0,(anonymous_8)
DA:1,1
DA:2,1
DA:3,1
DA:5,1
DA:10,11
DA:11,11
DA:12,0
DA:14,11
DA:17,1
DA:22,6
DA:23,0
DA:27,1
DA:28,0
DA:30,0
DA:31,0
DA:34,1
DA:35,0
DA:36,0
DA:37,0
DA:40,0
DA:41,0
DA:44,0
DA:45,0
DA:47,0
DA:48,0
DA:51,0
LF:26
LH:11
BRDA:11,0,0,0
BRDA:22,1,0,0
BRDA:28,2,0,0
BRDA:31,3,0,0
BRDA:31,3,1,0
BRDA:35,4,0,0
BRDA:37,5,0,0
BRDA:37,5,1,0
BRDA:44,6,0,0
BRF:9
BRH:0
end_of_record
TN:
SF:src\controllers\authController.ts
FN:8,getToken
FNF:1
FNH:0
FNDA:0,getToken
DA:2,1
DA:4,1
DA:5,1
DA:6,1
DA:8,1
DA:9,0
DA:10,0
DA:11,0
DA:12,0
DA:14,0
LF:10
LH:5
BRDA:11,0,0,0
BRF:1
BRH:0
end_of_record
TN:
SF:src\controllers\gatewayController.ts
FN:8,createGateway
FN:20,getAllGateways
FN:27,(anonymous_3)
FN:36,getGatewayByMacAddress
FN:46,updateGateway
FN:58,deleteGateway
FNF:6
FNH:4
FNDA:2,createGateway
FNDA:1,getAllGateways
FNDA:2,(anonymous_3)
FNDA:1,getGatewayByMacAddress
FNDA:0,updateGateway
FNDA:0,deleteGateway
DA:2,1
DA:3,1
DA:4,1
DA:5,1
DA:6,1
DA:8,1
DA:10,2
DA:12,0
DA:14,2
DA:15,2
DA:16,2
DA:17,2
DA:20,1
DA:21,1
DA:22,1
DA:23,1
DA:24,1
DA:25,1
DA:26,1
DA:28,2
DA:36,1
DA:37,1
DA:38,1
DA:39,1
DA:40,1
DA:41,1
DA:46,1
DA:48,0
DA:50,0
DA:52,0
DA:53,0
DA:54,0
DA:55,0
DA:58,1
DA:59,0
DA:60,0
DA:61,0
DA:62,0
LF:38
LH:27
BRDA:10,0,0,0
BRDA:48,1,0,0
BRF:2
BRH:0
end_of_record
TN:
SF:src\controllers\measurementController.ts
FN:11,createMeasurement
FN:16,getSensorMeasurements
FN:22,getSensorStatistics
FN:28,getSensorOutliers
FN:34,getNetworkMeasurements
FN:41,(anonymous_5)
FN:49,getNetworkStatistics
FN:56,(anonymous_7)
FN:67,getNetworkOutliers
FN:74,(anonymous_9)
FNF:10
FNH:0
FNDA:0,createMeasurement
FNDA:0,getSensorMeasurements
FNDA:0,getSensorStatistics
FNDA:0,getSensorOutliers
FNDA:0,getNetworkMeasurements
FNDA:0,(anonymous_5)
FNDA:0,getNetworkStatistics
FNDA:0,(anonymous_7)
FNDA:0,getNetworkOutliers
FNDA:0,(anonymous_9)
DA:4,1
DA:5,1
DA:11,1
DA:12,0
DA:13,0
DA:16,1
DA:17,0
DA:18,0
DA:19,0
DA:22,1
DA:23,0
DA:24,0
DA:25,0
DA:28,1
DA:29,0
DA:30,0
DA:31,0
DA:34,1
DA:35,0
DA:36,0
DA:37,0
DA:38,0
DA:40,0
DA:42,0
DA:43,0
DA:46,0
DA:49,1
DA:50,0
DA:51,0
DA:52,0
DA:53,0
DA:55,0
DA:57,0
DA:58,0
DA:61,0
DA:67,1
DA:68,0
DA:69,0
DA:70,0
DA:71,0
DA:73,0
DA:75,0
DA:76,0
DA:79,0
LF:44
LH:9
BRDA:37,0,0,0
BRDA:37,1,0,0
BRDA:37,1,1,0
BRDA:52,2,0,0
BRDA:52,3,0,0
BRDA:52,3,1,0
BRDA:70,4,0,0
BRDA:70,5,0,0
BRDA:70,5,1,0
BRF:9
BRH:0
end_of_record
TN:
SF:src\controllers\networkController.ts
FN:7,createNetwork
FN:12,getAllNetwork
FN:16,(anonymous_2)
FN:25,getNetworkByCode
FN:31,updateNetwork
FN:36,deleteNetwork
FNF:6
FNH:1
FNDA:1,createNetwork
FNDA:0,getAllNetwork
FNDA:0,(anonymous_2)
FNDA:0,getNetworkByCode
FNDA:0,updateNetwork
FNDA:0,deleteNetwork
DA:2,1
DA:3,1
DA:4,1
DA:5,1
DA:7,1
DA:8,1
DA:9,1
DA:12,1
DA:13,0
DA:14,0
DA:15,0
DA:17,0
DA:25,1
DA:26,0
DA:27,0
DA:28,0
DA:31,1
DA:32,0
DA:33,0
DA:36,1
DA:37,0
DA:38,0
LF:22
LH:11
BRF:0
BRH:0
end_of_record
TN:
SF:src\controllers\sensorController.ts
FN:11,getAllSensors
FN:16,(anonymous_2)
FN:25,getSensorByMacAddress
FN:36,createSensor
FN:62,updateSensor
FN:79,deleteSensor
FNF:6
FNH:0
FNDA:0,getAllSensors
FNDA:0,(anonymous_2)
FNDA:0,getSensorByMacAddress
FNDA:0,createSensor
FNDA:0,updateSensor
FNDA:0,deleteSensor
DA:1,1
DA:2,1
DA:3,1
DA:4,1
DA:5,1
DA:7,1
DA:8,1
DA:9,1
DA:11,1
DA:13,0
DA:15,0
DA:16,0
DA:25,1
DA:26,0
DA:27,0
DA:36,1
DA:41,0
DA:42,0
DA:44,0
DA:45,0
DA:48,0
DA:49,0
DA:51,0
DA:62,1
DA:63,0
DA:64,0
DA:66,0
DA:67,0
DA:69,0
DA:79,1
DA:80,0
LF:31
LH:13
BRDA:41,0,0,0
BRDA:44,1,0,0
BRDA:55,2,0,0
BRDA:55,2,1,0
BRDA:56,3,0,0
BRDA:56,3,1,0
BRDA:57,4,0,0
BRDA:57,4,1,0
BRDA:58,5,0,0
BRDA:58,5,1,0
BRDA:63,6,0,0
BRDA:66,7,0,0
BRDA:72,8,0,0
BRDA:72,8,1,0
BRDA:73,9,0,0
BRDA:73,9,1,0
BRDA:74,10,0,0
BRDA:74,10,1,0
BRDA:75,11,0,0
BRDA:75,11,1,0
BRF:20
BRH:0
end_of_record
TN:
SF:src\controllers\userController.ts
FN:5,getAllUsers
FN:10,getUser
FN:15,createUser
FN:20,deleteUser
FNF:4
FNH:0
FNDA:0,getAllUsers
FNDA:0,getUser
FNDA:0,createUser
FNDA:0,deleteUser
DA:2,1
DA:3,1
DA:5,1
DA:6,0
DA:7,0
DA:10,1
DA:11,0
DA:12,0
DA:15,1
DA:16,0
DA:17,0
DA:20,1
DA:21,0
DA:22,0
LF:14
LH:6
BRF:0
BRH:0
end_of_record
TN:
SF:src\middlewares\authMiddleware.ts
FN:10,authenticateUser
FN:11,(anonymous_1)
FNF:2
FNH:2
FNDA:27,authenticateUser
FNDA:6,(anonymous_1)
DA:3,1
DA:10,1
DA:11,27
DA:16,6
DA:17,6
DA:18,5
DA:20,1
LF:7
LH:7
BRDA:10,0,0,1
BRF:1
BRH:1
end_of_record
TN:
SF:src\middlewares\errorMiddleware.ts
FN:5,errorHandler
FNF:1
FNH:1
FNDA:1,errorHandler
DA:1,1
DA:2,1
DA:5,1
DA:11,1
DA:12,1
LF:5
LH:5
BRF:0
BRH:0
end_of_record
TN:
SF:src\repositories\GatewayRepository.ts
FN:10,(anonymous_0)
FN:14,(anonymous_1)
FN:18,(anonymous_2)
FN:21,(anonymous_3)
FN:26,(anonymous_4)
FN:35,(anonymous_5)
FN:53,(anonymous_6)
FN:61,(anonymous_7)
FN:67,(anonymous_8)
FN:84,(anonymous_9)
FNF:10
FNH:5
FNDA:5,(anonymous_0)
FNDA:1,(anonymous_1)
FNDA:1,(anonymous_2)
FNDA:1,(anonymous_3)
FNDA:2,(anonymous_4)
FNDA:0,(anonymous_5)
FNDA:0,(anonymous_6)
FNDA:0,(anonymous_7)
FNDA:0,(anonymous_8)
FNDA:0,(anonymous_9)
DA:1,1
DA:3,1
DA:4,1
DA:5,1
DA:7,1
DA:11,5
DA:15,1
DA:19,1
DA:21,1
DA:33,2
DA:35,0
DA:38,2
DA:39,2
DA:40,0
DA:42,2
DA:43,2
DA:45,2
DA:59,0
DA:61,0
DA:65,0
DA:67,0
DA:71,0
DA:72,0
DA:73,0
DA:76,0
DA:85,0
LF:26
LH:15
BRDA:39,0,0,0
BRDA:72,1,0,0
BRF:2
BRH:0
end_of_record
TN:
SF:src\repositories\MeasurementRepository.ts
FN:11,(anonymous_0)
FN:15,(anonymous_1)
FN:37,(anonymous_2)
FN:62,(anonymous_3)
FN:82,(anonymous_4)
FN:100,(anonymous_5)
FN:112,(anonymous_6)
FN:130,(anonymous_7)
FN:143,(anonymous_8)
FN:149,(anonymous_9)
FN:160,(anonymous_10)
FNF:11
FNH:0
FNDA:0,(anonymous_0)
FNDA:0,(anonymous_1)
FNDA:0,(anonymous_2)
FNDA:0,(anonymous_3)
FNDA:0,(anonymous_4)
FNDA:0,(anonymous_5)
FNDA:0,(anonymous_6)
FNDA:0,(anonymous_7)
FNDA:0,(anonymous_8)
FNDA:0,(anonymous_9)
FNDA:0,(anonymous_10)
DA:1,1
DA:2,1
DA:3,1
DA:4,1
DA:5,1
DA:6,1
DA:8,1
DA:12,0
DA:22,0
DA:23,0
DA:35,0
DA:37,0
DA:41,0
DA:59,0
DA:68,0
DA:69,0
DA:80,0
DA:82,0
DA:86,0
DA:96,0
DA:107,0
DA:112,0
DA:116,0
DA:117,0
DA:118,0
DA:130,0
DA:133,0
DA:135,0
DA:144,0
DA:145,0
DA:147,0
DA:149,0
DA:153,0
DA:160,0
LF:34
LH:7
BRF:0
BRH:0
end_of_record
TN:
SF:src\repositories\NetworkRepository.ts
FN:9,(anonymous_0)
FN:13,(anonymous_1)
FN:17,(anonymous_2)
FN:20,(anonymous_3)
FN:25,(anonymous_4)
FN:32,(anonymous_5)
FN:43,(anonymous_6)
FN:46,(anonymous_7)
FN:51,(anonymous_8)
FN:62,(anonymous_9)
FNF:10
FNH:4
FNDA:6,(anonymous_0)
FNDA:0,(anonymous_1)
FNDA:4,(anonymous_2)
FNDA:4,(anonymous_3)
FNDA:1,(anonymous_4)
FNDA:0,(anonymous_5)
FNDA:0,(anonymous_6)
FNDA:0,(anonymous_7)
FNDA:0,(anonymous_8)
FNDA:0,(anonymous_9)
DA:1,1
DA:3,1
DA:4,1
DA:6,1
DA:10,6
DA:14,0
DA:18,4
DA:20,4
DA:30,1
DA:32,0
DA:36,1
DA:44,0
DA:46,0
DA:49,0
DA:51,0
DA:54,0
DA:63,0
LF:17
LH:9
BRF:0
BRH:0
end_of_record
TN:
SF:src\repositories\SensorRepository.ts
FN:10,(anonymous_0)
FN:14,(anonymous_1)
FN:21,(anonymous_2)
FN:24,(anonymous_3)
FN:29,(anonymous_4)
FN:41,(anonymous_5)
FN:71,(anonymous_6)
FN:81,(anonymous_7)
FN:87,(anonymous_8)
FN:108,(anonymous_9)
FNF:10
FNH:2
FNDA:3,(anonymous_0)
FNDA:3,(anonymous_1)
FNDA:0,(anonymous_2)
FNDA:0,(anonymous_3)
FNDA:0,(anonymous_4)
FNDA:0,(anonymous_5)
FNDA:0,(anonymous_6)
FNDA:0,(anonymous_7)
FNDA:0,(anonymous_8)
FNDA:0,(anonymous_9)
DA:1,1
DA:3,1
DA:4,1
DA:5,1
DA:7,1
DA:11,3
DA:15,3
DA:22,0
DA:24,0
DA:39,0
DA:41,0
DA:45,0
DA:46,0
DA:47,0
DA:51,0
DA:52,0
DA:57,0
DA:58,0
DA:61,0
DA:79,0
DA:81,0
DA:85,0
DA:87,0
DA:91,0
DA:92,0
DA:93,0
DA:96,0
DA:109,0
DA:110,0
LF:29
LH:7
BRDA:46,0,0,0
BRDA:57,1,0,0
BRDA:92,2,0,0
BRF:3
BRH:0
end_of_record
TN:
SF:src\repositories\UserRepository.ts
FN:10,(anonymous_0)
FN:14,(anonymous_1)
FN:18,(anonymous_2)
FN:21,(anonymous_3)
FN:26,(anonymous_4)
FN:33,(anonymous_5)
FN:44,(anonymous_6)
FNF:7
FNH:4
FNDA:7,(anonymous_0)
FNDA:0,(anonymous_1)
FNDA:6,(anonymous_2)
FNDA:6,(anonymous_3)
FNDA:3,(anonymous_4)
FNDA:0,(anonymous_5)
FNDA:0,(anonymous_6)
DA:1,1
DA:3,1
DA:5,1
DA:7,1
DA:11,7
DA:15,0
DA:19,6
DA:21,6
DA:31,3
DA:33,0
DA:37,3
DA:45,0
LF:12
LH:9
BRF:0
BRH:0
end_of_record
TN:
SF:src\routes\authenticationRoutes.ts
FN:8,(anonymous_0)
FNF:1
FNH:0
FNDA:0,(anonymous_0)
DA:1,1
DA:2,1
DA:3,1
DA:5,1
DA:8,1
DA:9,0
DA:10,0
DA:12,0
DA:16,1
LF:9
LH:6
BRF:0
BRH:0
end_of_record
TN:
SF:src\routes\gatewayRoutes.ts
FN:19,(anonymous_0)
FN:29,(anonymous_1)
FN:40,(anonymous_2)
FN:52,(anonymous_3)
FN:65,(anonymous_4)
FN:78,(anonymous_5)
FN:83,(anonymous_6)
FNF:7
FNH:3
FNDA:1,(anonymous_0)
FNDA:2,(anonymous_1)
FNDA:1,(anonymous_2)
FNDA:0,(anonymous_3)
FNDA:0,(anonymous_4)
FNDA:0,(anonymous_5)
FNDA:0,(anonymous_6)
DA:2,1
DA:3,1
DA:4,1
DA:5,1
DA:12,1
DA:16,1
DA:19,1
DA:20,1
DA:21,1
DA:24,0
DA:29,1
DA:30,2
DA:31,2
DA:32,2
DA:35,0
DA:40,1
DA:41,1
DA:43,1
DA:47,0
DA:52,1
DA:53,0
DA:55,0
DA:56,0
DA:60,0
DA:65,1
DA:66,0
DA:68,0
DA:69,0
DA:73,0
DA:78,1
DA:79,0
DA:80,0
DA:83,1
DA:84,0
DA:85,0
DA:88,1
LF:36
LH:21
BRF:0
BRH:0
end_of_record
TN:
SF:src\routes\measurementRoutes.ts
FN:23,(anonymous_0)
FN:25,(anonymous_1)
FN:48,(anonymous_2)
FN:62,(anonymous_3)
FN:87,(anonymous_4)
FN:102,(anonymous_5)
FN:118,(anonymous_6)
FN:124,(anonymous_7)
FN:139,(anonymous_8)
FNF:9
FNH:0
FNDA:0,(anonymous_0)
FNDA:0,(anonymous_1)
FNDA:0,(anonymous_2)
FNDA:0,(anonymous_3)
FNDA:0,(anonymous_4)
FNDA:0,(anonymous_5)
FNDA:0,(anonymous_6)
FNDA:0,(anonymous_7)
FNDA:0,(anonymous_8)
DA:1,1
DA:3,1
DA:4,1
DA:5,1
DA:6,1
DA:15,1
DA:17,1
DA:20,1
DA:24,0
DA:25,0
DA:26,0
DA:27,0
DA:34,0
DA:35,0
DA:38,0
DA:39,0
DA:45,1
DA:49,0
DA:50,0
DA:51,0
DA:52,0
DA:54,0
DA:60,1
DA:63,0
DA:64,0
DA:65,0
DA:66,0
DA:73,0
DA:78,0
DA:84,1
DA:88,0
DA:89,0
DA:90,0
DA:91,0
DA:93,0
DA:99,1
DA:103,0
DA:104,0
DA:105,0
DA:106,0
DA:107,0
DA:109,0
DA:115,1
DA:119,0
DA:120,0
DA:121,0
DA:122,0
DA:123,0
DA:124,0
DA:128,0
DA:130,0
DA:136,1
DA:140,0
DA:141,0
DA:142,0
DA:143,0
DA:144,0
DA:146,0
DA:151,1
LF:59
LH:15
BRDA:38,0,0,0
BRDA:50,1,0,0
BRDA:50,1,1,0
BRDA:51,2,0,0
BRDA:51,2,1,0
BRDA:64,3,0,0
BRDA:64,3,1,0
BRDA:65,4,0,0
BRDA:65,4,1,0
BRDA:89,5,0,0
BRDA:89,5,1,0
BRDA:90,6,0,0
BRDA:90,6,1,0
BRDA:104,7,0,0
BRDA:104,7,1,0
BRDA:105,8,0,0
BRDA:105,8,1,0
BRDA:106,9,0,0
BRDA:106,9,1,0
BRDA:120,10,0,0
BRDA:120,10,1,0
BRDA:121,11,0,0
BRDA:121,11,1,0
BRDA:122,12,0,0
BRDA:122,12,1,0
BRDA:141,13,0,0
BRDA:141,13,1,0
BRDA:142,14,0,0
BRDA:142,14,1,0
BRDA:143,15,0,0
BRDA:143,15,1,0
BRF:31
BRH:0
end_of_record
TN:
SF:src\routes\networkRoutes.ts
FN:30,(anonymous_1)
FN:43,(anonymous_2)
FN:63,(anonymous_3)
FN:75,(anonymous_4)
FN:100,(anonymous_5)
FN:112,(anonymous_6)
FN:117,(anonymous_7)
FNF:7
FNH:1
FNDA:0,(anonymous_1)
FNDA:1,(anonymous_2)
FNDA:0,(anonymous_3)
FNDA:0,(anonymous_4)
FNDA:0,(anonymous_5)
FNDA:0,(anonymous_6)
FNDA:0,(anonymous_7)
DA:1,1
DA:2,1
DA:3,1
DA:4,1
DA:5,1
DA:12,1
DA:27,1
DA:30,1
DA:31,0
DA:32,0
DA:35,0
DA:40,1
DA:44,1
DA:45,1
DA:48,1
DA:49,0
DA:52,1
DA:53,1
DA:57,0
DA:63,1
DA:64,0
DA:65,0
DA:67,0
DA:72,1
DA:76,0
DA:77,0
DA:78,0
DA:81,0
DA:82,0
DA:85,0
DA:88,0
DA:90,0
DA:97,1
DA:101,0
DA:102,0
DA:103,0
DA:105,0
DA:112,1
DA:113,0
DA:114,0
DA:117,1
DA:118,0
DA:119,0
DA:124,1
LF:44
LH:20
BRDA:48,0,0,0
BRDA:48,1,0,1
BRDA:48,1,1,1
BRDA:48,1,2,1
BRDA:81,2,0,0
BRDA:81,3,0,0
BRDA:81,3,1,0
BRDA:81,3,2,0
BRF:8
BRH:3
end_of_record
TN:
SF:src\routes\sensorRoutes.ts
FN:23,(anonymous_0)
FN:41,(anonymous_1)
FN:60,(anonymous_2)
FN:78,(anonymous_3)
FN:97,(anonymous_4)
FNF:5
FNH:0
FNDA:0,(anonymous_0)
FNDA:0,(anonymous_1)
FNDA:0,(anonymous_2)
FNDA:0,(anonymous_3)
FNDA:0,(anonymous_4)
DA:1,1
DA:3,1
DA:4,1
DA:5,1
DA:12,1
DA:14,1
DA:20,1
DA:24,0
DA:25,0
DA:26,0
DA:27,0
DA:29,0
DA:38,1
DA:42,0
DA:43,0
DA:44,0
DA:45,0
DA:46,0
DA:48,0
DA:57,1
DA:61,0
DA:62,0
DA:63,0
DA:64,0
DA:66,0
DA:75,1
DA:79,0
DA:80,0
DA:81,0
DA:82,0
DA:83,0
DA:85,0
DA:94,1
DA:98,0
DA:99,0
DA:100,0
DA:101,0
DA:103,0
DA:108,1
LF:39
LH:12
BRF:0
BRH:0
end_of_record
TN:
SF:src\routes\userRoutes.ts
FN:15,(anonymous_0)
FN:24,(anonymous_1)
FN:37,(anonymous_2)
FN:50,(anonymous_3)
FNF:4
FNH:0
FNDA:0,(anonymous_0)
FNDA:0,(anonymous_1)
FNDA:0,(anonymous_2)
FNDA:0,(anonymous_3)
DA:1,1
DA:2,1
DA:3,1
DA:4,1
DA:10,1
DA:12,1
DA:15,1
DA:16,0
DA:17,0
DA:19,0
DA:24,1
DA:25,0
DA:26,0
DA:27,0
DA:29,0
DA:34,1
DA:38,0
DA:39,0
DA:41,0
DA:47,1
DA:51,0
DA:52,0
DA:53,0
DA:55,0
DA:60,1
LF:25
LH:11
BRF:0
BRH:0
end_of_record
TN:
SF:src\services\authService.ts
FN:11,generateToken
FN:15,processToken
FN:35,verifyToken
FN:45,extractBearerToken
FNF:4
FNH:4
FNDA:2,generateToken
FNDA:6,processToken
FNDA:6,verifyToken
FNDA:6,extractBearerToken
DA:1,1
DA:2,1
DA:5,1
DA:7,1
DA:8,1
DA:9,1
DA:11,1
DA:12,2
DA:15,1
DA:19,6
DA:20,6
DA:22,6
DA:23,6
DA:25,0
DA:30,6
DA:31,1
DA:36,6
DA:37,6
DA:39,0
DA:46,6
DA:47,0
DA:50,6
DA:51,6
DA:52,0
DA:55,6
LF:25
LH:21
BRDA:17,0,0,0
BRDA:30,1,0,1
BRDA:30,2,0,6
BRDA:30,2,1,6
BRDA:39,3,0,0
BRDA:39,3,1,0
BRDA:46,4,0,0
BRDA:51,5,0,0
BRDA:51,6,0,6
BRDA:51,6,1,6
BRF:10
BRH:5
end_of_record
TN:
SF:src\services\errorService.ts
FN:6,createAppError
FNF:1
FNH:1
FNDA:1,createAppError
DA:2,1
DA:3,1
DA:4,1
DA:6,1
DA:7,1
DA:13,1
DA:14,1
DA:18,1
DA:22,1
DA:25,1
LF:10
LH:10
BRDA:9,0,0,1
BRDA:9,0,1,0
BRDA:15,1,0,1
BRDA:15,1,1,0
BRDA:18,2,0,1
BRDA:19,3,0,1
BRDA:19,3,1,0
BRDA:19,3,2,0
BRF:8
BRH:4
end_of_record
TN:
SF:src\services\mapperService.ts
FN:17,createErrorDTO
FN:29,createTokenDTO
FN:35,createUserDTO
FN:47,mapUserDAOToDTO
FN:51,createNetworkDTO
FN:65,mapNetworkDAOToDTO
FN:69,createGatewayDTO
FN:83,mapGatewayDAOToDTO
FN:87,createSensorDTO
FN:103,mapSensorDAOToDTO
FN:107,createMeasurementDTO
FN:119,mapMeasurementDAOToDTO
FN:123,createStatsDTO
FN:141,mapMeasurementDAOToStatsDTO
FN:143,(anonymous_14)
FN:147,(anonymous_15)
FN:161,(anonymous_16)
FN:178,createMeasurementsDTO
FN:190,mapMeasurementDAOToMeasurementsDTO
FN:192,(anonymous_19)
FN:201,mapMeasurementDAOToOnlyOutlierMeasurementsDTO
FN:203,(anonymous_21)
FN:209,(anonymous_22)
FN:213,removeNullAttributes
FN:216,(anonymous_24)
FNF:25
FNH:5
FNDA:2,createErrorDTO
FNDA:0,createTokenDTO
FNDA:0,createUserDTO
FNDA:0,mapUserDAOToDTO
FNDA:0,createNetworkDTO
FNDA:0,mapNetworkDAOToDTO
FNDA:3,createGatewayDTO
FNDA:3,mapGatewayDAOToDTO
FNDA:0,createSensorDTO
FNDA:0,mapSensorDAOToDTO
FNDA:0,createMeasurementDTO
FNDA:0,mapMeasurementDAOToDTO
FNDA:0,createStatsDTO
FNDA:0,mapMeasurementDAOToStatsDTO
FNDA:0,(anonymous_14)
FNDA:0,(anonymous_15)
FNDA:0,(anonymous_16)
FNDA:0,createMeasurementsDTO
FNDA:0,mapMeasurementDAOToMeasurementsDTO
FNDA:0,(anonymous_19)
FNDA:0,mapMeasurementDAOToOnlyOutlierMeasurementsDTO
FNDA:0,(anonymous_21)
FNDA:0,(anonymous_22)
FNDA:5,removeNullAttributes
FNDA:18,(anonymous_24)
DA:17,1
DA:22,2
DA:29,1
DA:30,0
DA:35,1
DA:40,0
DA:47,1
DA:48,0
DA:51,1
DA:57,0
DA:65,1
DA:66,0
DA:69,1
DA:75,3
DA:83,1
DA:84,3
DA:87,1
DA:94,0
DA:103,1
DA:104,0
DA:107,1
DA:112,0
DA:119,1
DA:120,0
DA:123,1
DA:131,0
DA:141,1
DA:142,0
DA:143,0
DA:146,0
DA:147,0
DA:152,0
DA:153,0
DA:154,0
DA:157,0
DA:158,0
DA:161,0
DA:162,0
DA:163,0
DA:165,0
DA:168,0
DA:178,1
DA:183,0
DA:190,1
DA:191,0
DA:192,0
DA:193,0
DA:194,0
DA:196,0
DA:198,0
DA:201,1
DA:202,0
DA:203,0
DA:204,0
DA:205,0
DA:207,0
DA:209,0
DA:210,0
DA:214,5
DA:217,18
LF:60
LH:22
BRDA:142,0,0,0
BRDA:142,0,1,0
BRDA:146,1,0,0
BRDA:146,1,1,0
BRDA:152,2,0,0
BRDA:152,2,1,0
BRDA:162,3,0,0
BRDA:162,3,1,0
BRDA:162,4,0,0
BRDA:162,4,1,0
BRDA:193,5,0,0
BRDA:193,5,1,0
BRDA:193,6,0,0
BRDA:193,6,1,0
BRDA:204,7,0,0
BRDA:204,7,1,0
BRDA:204,8,0,0
BRDA:204,8,1,0
BRDA:217,9,0,18
BRDA:217,9,1,18
BRDA:217,9,2,18
BRDA:217,9,3,3
BRF:22
BRH:4
end_of_record
